{"C:\\Users\\adm\\OneDrive\\Área de Trabalho\\PROJETOS\\a3 - quinta\\sentinela-pix\\backend\\server.js": {"path":"C:\\Users\\adm\\OneDrive\\Área de Trabalho\\PROJETOS\\a3 - quinta\\sentinela-pix\\backend\\server.js","statementMap":{"0":{"start":{"line":1,"column":0},"end":{"line":1,"column":27}},"1":{"start":{"line":2,"column":16},"end":{"line":2,"column":34}},"2":{"start":{"line":3,"column":13},"end":{"line":3,"column":28}},"3":{"start":{"line":4,"column":23},"end":{"line":4,"column":38}},"4":{"start":{"line":5,"column":19},"end":{"line":5,"column":41}},"5":{"start":{"line":6,"column":16},"end":{"line":6,"column":44}},"6":{"start":{"line":7,"column":15},"end":{"line":7,"column":34}},"7":{"start":{"line":8,"column":12},"end":{"line":8,"column":35}},"8":{"start":{"line":9,"column":13},"end":{"line":9,"column":33}},"9":{"start":{"line":10,"column":13},"end":{"line":10,"column":28}},"10":{"start":{"line":11,"column":13},"end":{"line":11,"column":28}},"11":{"start":{"line":12,"column":18},"end":{"line":12,"column":31}},"12":{"start":{"line":24,"column":4},"end":{"line":24,"column":30}},"13":{"start":{"line":33,"column":4},"end":{"line":33,"column":39}},"14":{"start":{"line":41,"column":4},"end":{"line":41,"column":43}},"15":{"start":{"line":49,"column":4},"end":{"line":49,"column":28}},"16":{"start":{"line":58,"column":4},"end":{"line":58,"column":29}},"17":{"start":{"line":60,"column":12},"end":{"line":60,"column":21}},"18":{"start":{"line":61,"column":13},"end":{"line":61,"column":37}},"19":{"start":{"line":62,"column":19},"end":{"line":62,"column":68}},"20":{"start":{"line":63,"column":17},"end":{"line":63,"column":54}},"21":{"start":{"line":64,"column":21},"end":{"line":69,"column":1}},"22":{"start":{"line":72,"column":15},"end":{"line":72,"column":37}},"23":{"start":{"line":75,"column":12},"end":{"line":75,"column":57}},"24":{"start":{"line":78,"column":24},"end":{"line":78,"column":33}},"25":{"start":{"line":80,"column":0},"end":{"line":119,"column":3}},"26":{"start":{"line":81,"column":4},"end":{"line":81,"column":58}},"27":{"start":{"line":82,"column":4},"end":{"line":82,"column":29}},"28":{"start":{"line":83,"column":17},"end":{"line":83,"column":21}},"29":{"start":{"line":85,"column":4},"end":{"line":104,"column":7}},"30":{"start":{"line":86,"column":8},"end":{"line":103,"column":9}},"31":{"start":{"line":87,"column":25},"end":{"line":87,"column":44}},"32":{"start":{"line":89,"column":12},"end":{"line":99,"column":13}},"33":{"start":{"line":91,"column":16},"end":{"line":91,"column":37}},"34":{"start":{"line":92,"column":16},"end":{"line":92,"column":48}},"35":{"start":{"line":93,"column":16},"end":{"line":93,"column":75}},"36":{"start":{"line":95,"column":16},"end":{"line":98,"column":20}},"37":{"start":{"line":101,"column":12},"end":{"line":101,"column":74}},"38":{"start":{"line":102,"column":12},"end":{"line":102,"column":54}},"39":{"start":{"line":106,"column":4},"end":{"line":113,"column":7}},"40":{"start":{"line":107,"column":8},"end":{"line":110,"column":9}},"41":{"start":{"line":108,"column":12},"end":{"line":108,"column":43}},"42":{"start":{"line":109,"column":12},"end":{"line":109,"column":60}},"43":{"start":{"line":111,"column":8},"end":{"line":111,"column":33}},"44":{"start":{"line":112,"column":8},"end":{"line":112,"column":52}},"45":{"start":{"line":115,"column":4},"end":{"line":118,"column":7}},"46":{"start":{"line":116,"column":8},"end":{"line":116,"column":51}},"47":{"start":{"line":117,"column":8},"end":{"line":117,"column":48}},"48":{"start":{"line":123,"column":19},"end":{"line":123,"column":46}},"49":{"start":{"line":124,"column":4},"end":{"line":130,"column":5}},"50":{"start":{"line":125,"column":8},"end":{"line":128,"column":12}},"51":{"start":{"line":129,"column":8},"end":{"line":129,"column":20}},"52":{"start":{"line":131,"column":4},"end":{"line":131,"column":17}},"53":{"start":{"line":135,"column":0},"end":{"line":140,"column":4}},"54":{"start":{"line":141,"column":0},"end":{"line":141,"column":44}},"55":{"start":{"line":142,"column":0},"end":{"line":142,"column":41}},"56":{"start":{"line":145,"column":0},"end":{"line":145,"column":27}},"57":{"start":{"line":148,"column":0},"end":{"line":148,"column":20}},"58":{"start":{"line":151,"column":0},"end":{"line":151,"column":29}},"59":{"start":{"line":154,"column":15},"end":{"line":154,"column":47}},"60":{"start":{"line":155,"column":11},"end":{"line":155,"column":39}},"61":{"start":{"line":158,"column":27},"end":{"line":313,"column":1}},"62":{"start":{"line":159,"column":4},"end":{"line":312,"column":7}},"63":{"start":{"line":161,"column":8},"end":{"line":173,"column":12}},"64":{"start":{"line":176,"column":8},"end":{"line":186,"column":12}},"65":{"start":{"line":189,"column":8},"end":{"line":207,"column":12}},"66":{"start":{"line":210,"column":8},"end":{"line":214,"column":11}},"67":{"start":{"line":211,"column":12},"end":{"line":213,"column":13}},"68":{"start":{"line":212,"column":16},"end":{"line":212,"column":72}},"69":{"start":{"line":215,"column":8},"end":{"line":219,"column":11}},"70":{"start":{"line":216,"column":12},"end":{"line":218,"column":13}},"71":{"start":{"line":217,"column":16},"end":{"line":217,"column":69}},"72":{"start":{"line":220,"column":8},"end":{"line":224,"column":11}},"73":{"start":{"line":221,"column":12},"end":{"line":223,"column":13}},"74":{"start":{"line":222,"column":16},"end":{"line":222,"column":70}},"75":{"start":{"line":225,"column":8},"end":{"line":229,"column":11}},"76":{"start":{"line":226,"column":12},"end":{"line":228,"column":13}},"77":{"start":{"line":227,"column":16},"end":{"line":227,"column":69}},"78":{"start":{"line":230,"column":8},"end":{"line":234,"column":11}},"79":{"start":{"line":231,"column":12},"end":{"line":233,"column":13}},"80":{"start":{"line":232,"column":16},"end":{"line":232,"column":70}},"81":{"start":{"line":235,"column":8},"end":{"line":239,"column":11}},"82":{"start":{"line":236,"column":12},"end":{"line":238,"column":13}},"83":{"start":{"line":237,"column":16},"end":{"line":237,"column":72}},"84":{"start":{"line":242,"column":8},"end":{"line":249,"column":12}},"85":{"start":{"line":252,"column":8},"end":{"line":264,"column":12}},"86":{"start":{"line":267,"column":8},"end":{"line":276,"column":12}},"87":{"start":{"line":279,"column":8},"end":{"line":290,"column":12}},"88":{"start":{"line":293,"column":8},"end":{"line":293,"column":97}},"89":{"start":{"line":294,"column":8},"end":{"line":294,"column":108}},"90":{"start":{"line":295,"column":8},"end":{"line":295,"column":95}},"91":{"start":{"line":296,"column":8},"end":{"line":296,"column":99}},"92":{"start":{"line":297,"column":8},"end":{"line":297,"column":97}},"93":{"start":{"line":298,"column":8},"end":{"line":298,"column":113}},"94":{"start":{"line":299,"column":8},"end":{"line":299,"column":95}},"95":{"start":{"line":300,"column":8},"end":{"line":300,"column":77}},"96":{"start":{"line":302,"column":8},"end":{"line":302,"column":71}},"97":{"start":{"line":305,"column":8},"end":{"line":309,"column":11}},"98":{"start":{"line":306,"column":12},"end":{"line":308,"column":13}},"99":{"start":{"line":307,"column":16},"end":{"line":307,"column":142}},"100":{"start":{"line":311,"column":8},"end":{"line":311,"column":59}},"101":{"start":{"line":316,"column":26},"end":{"line":331,"column":1}},"102":{"start":{"line":317,"column":4},"end":{"line":330,"column":7}},"103":{"start":{"line":318,"column":21},"end":{"line":320,"column":48}},"104":{"start":{"line":322,"column":8},"end":{"line":328,"column":11}},"105":{"start":{"line":326,"column":12},"end":{"line":327,"column":38}},"106":{"start":{"line":326,"column":21},"end":{"line":326,"column":33}},"107":{"start":{"line":327,"column":17},"end":{"line":327,"column":38}},"108":{"start":{"line":329,"column":8},"end":{"line":329,"column":24}},"109":{"start":{"line":333,"column":27},"end":{"line":384,"column":1}},"110":{"start":{"line":334,"column":4},"end":{"line":383,"column":7}},"111":{"start":{"line":336,"column":8},"end":{"line":382,"column":11}},"112":{"start":{"line":337,"column":12},"end":{"line":340,"column":13}},"113":{"start":{"line":338,"column":16},"end":{"line":338,"column":28}},"114":{"start":{"line":339,"column":16},"end":{"line":339,"column":23}},"115":{"start":{"line":342,"column":32},"end":{"line":342,"column":41}},"116":{"start":{"line":343,"column":28},"end":{"line":343,"column":33}},"117":{"start":{"line":344,"column":28},"end":{"line":344,"column":29}},"118":{"start":{"line":347,"column":12},"end":{"line":356,"column":13}},"119":{"start":{"line":348,"column":16},"end":{"line":348,"column":39}},"120":{"start":{"line":349,"column":16},"end":{"line":349,"column":66}},"121":{"start":{"line":350,"column":19},"end":{"line":356,"column":13}},"122":{"start":{"line":351,"column":16},"end":{"line":351,"column":35}},"123":{"start":{"line":352,"column":16},"end":{"line":352,"column":51}},"124":{"start":{"line":353,"column":19},"end":{"line":356,"column":13}},"125":{"start":{"line":354,"column":16},"end":{"line":354,"column":37}},"126":{"start":{"line":355,"column":16},"end":{"line":355,"column":52}},"127":{"start":{"line":359,"column":12},"end":{"line":381,"column":15}},"128":{"start":{"line":361,"column":16},"end":{"line":364,"column":17}},"129":{"start":{"line":362,"column":20},"end":{"line":362,"column":32}},"130":{"start":{"line":363,"column":20},"end":{"line":363,"column":27}},"131":{"start":{"line":366,"column":16},"end":{"line":369,"column":17}},"132":{"start":{"line":367,"column":20},"end":{"line":367,"column":43}},"133":{"start":{"line":368,"column":20},"end":{"line":368,"column":56}},"134":{"start":{"line":372,"column":16},"end":{"line":380,"column":23}},"135":{"start":{"line":378,"column":24},"end":{"line":379,"column":84}},"136":{"start":{"line":378,"column":33},"end":{"line":378,"column":45}},"137":{"start":{"line":379,"column":29},"end":{"line":379,"column":84}},"138":{"start":{"line":386,"column":27},"end":{"line":416,"column":1}},"139":{"start":{"line":387,"column":4},"end":{"line":415,"column":7}},"140":{"start":{"line":389,"column":27},"end":{"line":389,"column":57}},"141":{"start":{"line":390,"column":24},"end":{"line":390,"column":147}},"142":{"start":{"line":392,"column":29},"end":{"line":400,"column":9}},"143":{"start":{"line":402,"column":8},"end":{"line":414,"column":15}},"144":{"start":{"line":408,"column":16},"end":{"line":413,"column":17}},"145":{"start":{"line":408,"column":25},"end":{"line":408,"column":37}},"146":{"start":{"line":411,"column":20},"end":{"line":411,"column":54}},"147":{"start":{"line":412,"column":20},"end":{"line":412,"column":42}},"148":{"start":{"line":418,"column":31},"end":{"line":449,"column":1}},"149":{"start":{"line":420,"column":4},"end":{"line":432,"column":5}},"150":{"start":{"line":421,"column":23},"end":{"line":421,"column":57}},"151":{"start":{"line":422,"column":8},"end":{"line":422,"column":100}},"152":{"start":{"line":422,"column":75},"end":{"line":422,"column":100}},"153":{"start":{"line":423,"column":8},"end":{"line":423,"column":99}},"154":{"start":{"line":423,"column":76},"end":{"line":423,"column":99}},"155":{"start":{"line":424,"column":8},"end":{"line":424,"column":63}},"156":{"start":{"line":424,"column":45},"end":{"line":424,"column":63}},"157":{"start":{"line":425,"column":8},"end":{"line":425,"column":65}},"158":{"start":{"line":425,"column":46},"end":{"line":425,"column":65}},"159":{"start":{"line":426,"column":8},"end":{"line":426,"column":75}},"160":{"start":{"line":426,"column":42},"end":{"line":426,"column":75}},"161":{"start":{"line":427,"column":8},"end":{"line":427,"column":59}},"162":{"start":{"line":427,"column":43},"end":{"line":427,"column":59}},"163":{"start":{"line":428,"column":8},"end":{"line":428,"column":62}},"164":{"start":{"line":428,"column":41},"end":{"line":428,"column":62}},"165":{"start":{"line":429,"column":8},"end":{"line":429,"column":60}},"166":{"start":{"line":429,"column":43},"end":{"line":429,"column":60}},"167":{"start":{"line":430,"column":8},"end":{"line":430,"column":55}},"168":{"start":{"line":430,"column":41},"end":{"line":430,"column":55}},"169":{"start":{"line":431,"column":8},"end":{"line":431,"column":40}},"170":{"start":{"line":436,"column":4},"end":{"line":438,"column":5}},"171":{"start":{"line":437,"column":8},"end":{"line":437,"column":46}},"172":{"start":{"line":440,"column":4},"end":{"line":442,"column":5}},"173":{"start":{"line":441,"column":8},"end":{"line":441,"column":47}},"174":{"start":{"line":444,"column":4},"end":{"line":446,"column":5}},"175":{"start":{"line":445,"column":8},"end":{"line":445,"column":51}},"176":{"start":{"line":448,"column":4},"end":{"line":448,"column":36}},"177":{"start":{"line":452,"column":27},"end":{"line":459,"column":1}},"178":{"start":{"line":453,"column":4},"end":{"line":453,"column":45}},"179":{"start":{"line":453,"column":30},"end":{"line":453,"column":45}},"180":{"start":{"line":454,"column":4},"end":{"line":454,"column":47}},"181":{"start":{"line":454,"column":34},"end":{"line":454,"column":47}},"182":{"start":{"line":455,"column":4},"end":{"line":455,"column":48}},"183":{"start":{"line":455,"column":34},"end":{"line":455,"column":48}},"184":{"start":{"line":456,"column":4},"end":{"line":456,"column":56}},"185":{"start":{"line":456,"column":41},"end":{"line":456,"column":56}},"186":{"start":{"line":457,"column":4},"end":{"line":457,"column":105}},"187":{"start":{"line":457,"column":89},"end":{"line":457,"column":105}},"188":{"start":{"line":458,"column":4},"end":{"line":458,"column":21}},"189":{"start":{"line":462,"column":32},"end":{"line":578,"column":1}},"190":{"start":{"line":463,"column":19},"end":{"line":463,"column":21}},"191":{"start":{"line":464,"column":24},"end":{"line":464,"column":27}},"192":{"start":{"line":467,"column":30},"end":{"line":492,"column":6}},"193":{"start":{"line":468,"column":8},"end":{"line":491,"column":11}},"194":{"start":{"line":469,"column":31},"end":{"line":469,"column":46}},"195":{"start":{"line":470,"column":12},"end":{"line":489,"column":13}},"196":{"start":{"line":471,"column":16},"end":{"line":471,"column":51}},"197":{"start":{"line":472,"column":16},"end":{"line":479,"column":19}},"198":{"start":{"line":481,"column":16},"end":{"line":488,"column":19}},"199":{"start":{"line":490,"column":12},"end":{"line":490,"column":22}},"200":{"start":{"line":495,"column":4},"end":{"line":530,"column":5}},"201":{"start":{"line":496,"column":29},"end":{"line":496,"column":70}},"202":{"start":{"line":497,"column":34},"end":{"line":497,"column":90}},"203":{"start":{"line":499,"column":8},"end":{"line":509,"column":9}},"204":{"start":{"line":500,"column":12},"end":{"line":500,"column":31}},"205":{"start":{"line":501,"column":12},"end":{"line":508,"column":15}},"206":{"start":{"line":510,"column":11},"end":{"line":530,"column":5}},"207":{"start":{"line":511,"column":8},"end":{"line":511,"column":28}},"208":{"start":{"line":512,"column":8},"end":{"line":519,"column":11}},"209":{"start":{"line":520,"column":11},"end":{"line":530,"column":5}},"210":{"start":{"line":521,"column":8},"end":{"line":521,"column":28}},"211":{"start":{"line":522,"column":8},"end":{"line":529,"column":11}},"212":{"start":{"line":533,"column":29},"end":{"line":570,"column":6}},"213":{"start":{"line":534,"column":8},"end":{"line":569,"column":11}},"214":{"start":{"line":535,"column":12},"end":{"line":567,"column":13}},"215":{"start":{"line":536,"column":16},"end":{"line":566,"column":17}},"216":{"start":{"line":537,"column":20},"end":{"line":537,"column":40}},"217":{"start":{"line":538,"column":20},"end":{"line":545,"column":23}},"218":{"start":{"line":546,"column":23},"end":{"line":566,"column":17}},"219":{"start":{"line":547,"column":20},"end":{"line":547,"column":40}},"220":{"start":{"line":548,"column":20},"end":{"line":555,"column":23}},"221":{"start":{"line":556,"column":23},"end":{"line":566,"column":17}},"222":{"start":{"line":557,"column":20},"end":{"line":557,"column":40}},"223":{"start":{"line":558,"column":20},"end":{"line":565,"column":23}},"224":{"start":{"line":568,"column":12},"end":{"line":568,"column":22}},"225":{"start":{"line":572,"column":4},"end":{"line":572,"column":61}},"226":{"start":{"line":575,"column":4},"end":{"line":575,"column":62}},"227":{"start":{"line":577,"column":4},"end":{"line":577,"column":37}},"228":{"start":{"line":580,"column":25},"end":{"line":600,"column":1}},"229":{"start":{"line":582,"column":4},"end":{"line":599,"column":13}},"230":{"start":{"line":583,"column":8},"end":{"line":598,"column":18}},"231":{"start":{"line":585,"column":19},"end":{"line":597,"column":20}},"232":{"start":{"line":586,"column":23},"end":{"line":586,"column":91}},"233":{"start":{"line":589,"column":23},"end":{"line":596,"column":32}},"234":{"start":{"line":590,"column":27},"end":{"line":595,"column":37}},"235":{"start":{"line":592,"column":38},"end":{"line":594,"column":39}},"236":{"start":{"line":593,"column":42},"end":{"line":593,"column":98}},"237":{"start":{"line":602,"column":26},"end":{"line":619,"column":1}},"238":{"start":{"line":603,"column":4},"end":{"line":618,"column":7}},"239":{"start":{"line":604,"column":8},"end":{"line":604,"column":24}},"240":{"start":{"line":604,"column":17},"end":{"line":604,"column":24}},"241":{"start":{"line":606,"column":8},"end":{"line":617,"column":11}},"242":{"start":{"line":607,"column":12},"end":{"line":607,"column":28}},"243":{"start":{"line":607,"column":21},"end":{"line":607,"column":28}},"244":{"start":{"line":609,"column":33},"end":{"line":609,"column":56}},"245":{"start":{"line":610,"column":36},"end":{"line":610,"column":61}},"246":{"start":{"line":611,"column":38},"end":{"line":611,"column":50}},"247":{"start":{"line":612,"column":32},"end":{"line":612,"column":127}},"248":{"start":{"line":614,"column":12},"end":{"line":616,"column":84}},"249":{"start":{"line":624,"column":0},"end":{"line":641,"column":3}},"250":{"start":{"line":625,"column":4},"end":{"line":640,"column":7}},"251":{"start":{"line":626,"column":8},"end":{"line":628,"column":9}},"252":{"start":{"line":627,"column":12},"end":{"line":627,"column":100}},"253":{"start":{"line":630,"column":8},"end":{"line":639,"column":11}},"254":{"start":{"line":644,"column":0},"end":{"line":696,"column":3}},"255":{"start":{"line":645,"column":75},"end":{"line":645,"column":84}},"256":{"start":{"line":647,"column":22},"end":{"line":647,"column":24}},"257":{"start":{"line":648,"column":17},"end":{"line":648,"column":19}},"258":{"start":{"line":650,"column":4},"end":{"line":653,"column":5}},"259":{"start":{"line":651,"column":8},"end":{"line":651,"column":43}},"260":{"start":{"line":652,"column":8},"end":{"line":652,"column":28}},"261":{"start":{"line":655,"column":4},"end":{"line":658,"column":5}},"262":{"start":{"line":656,"column":8},"end":{"line":656,"column":75}},"263":{"start":{"line":657,"column":8},"end":{"line":657,"column":30}},"264":{"start":{"line":660,"column":4},"end":{"line":663,"column":5}},"265":{"start":{"line":661,"column":8},"end":{"line":661,"column":90}},"266":{"start":{"line":662,"column":8},"end":{"line":662,"column":31}},"267":{"start":{"line":665,"column":4},"end":{"line":668,"column":5}},"268":{"start":{"line":666,"column":8},"end":{"line":666,"column":90}},"269":{"start":{"line":667,"column":8},"end":{"line":667,"column":29}},"270":{"start":{"line":670,"column":19},"end":{"line":670,"column":37}},"271":{"start":{"line":672,"column":4},"end":{"line":695,"column":7}},"272":{"start":{"line":674,"column":8},"end":{"line":676,"column":9}},"273":{"start":{"line":675,"column":12},"end":{"line":675,"column":97}},"274":{"start":{"line":678,"column":8},"end":{"line":694,"column":11}},"275":{"start":{"line":679,"column":12},"end":{"line":681,"column":13}},"276":{"start":{"line":680,"column":16},"end":{"line":680,"column":101}},"277":{"start":{"line":683,"column":12},"end":{"line":693,"column":15}},"278":{"start":{"line":701,"column":0},"end":{"line":810,"column":3}},"279":{"start":{"line":702,"column":68},"end":{"line":702,"column":76}},"280":{"start":{"line":705,"column":4},"end":{"line":710,"column":5}},"281":{"start":{"line":706,"column":8},"end":{"line":709,"column":11}},"282":{"start":{"line":713,"column":23},"end":{"line":713,"column":51}},"283":{"start":{"line":714,"column":4},"end":{"line":719,"column":5}},"284":{"start":{"line":715,"column":8},"end":{"line":718,"column":11}},"285":{"start":{"line":722,"column":4},"end":{"line":727,"column":5}},"286":{"start":{"line":723,"column":8},"end":{"line":726,"column":11}},"287":{"start":{"line":730,"column":4},"end":{"line":735,"column":5}},"288":{"start":{"line":731,"column":8},"end":{"line":734,"column":11}},"289":{"start":{"line":737,"column":4},"end":{"line":809,"column":5}},"290":{"start":{"line":739,"column":30},"end":{"line":744,"column":10}},"291":{"start":{"line":740,"column":12},"end":{"line":743,"column":15}},"292":{"start":{"line":741,"column":16},"end":{"line":742,"column":34}},"293":{"start":{"line":741,"column":25},"end":{"line":741,"column":37}},"294":{"start":{"line":742,"column":21},"end":{"line":742,"column":34}},"295":{"start":{"line":746,"column":8},"end":{"line":751,"column":9}},"296":{"start":{"line":747,"column":12},"end":{"line":750,"column":15}},"297":{"start":{"line":754,"column":28},"end":{"line":759,"column":10}},"298":{"start":{"line":755,"column":12},"end":{"line":758,"column":15}},"299":{"start":{"line":756,"column":16},"end":{"line":757,"column":34}},"300":{"start":{"line":756,"column":25},"end":{"line":756,"column":37}},"301":{"start":{"line":757,"column":21},"end":{"line":757,"column":34}},"302":{"start":{"line":761,"column":8},"end":{"line":766,"column":9}},"303":{"start":{"line":762,"column":12},"end":{"line":765,"column":15}},"304":{"start":{"line":769,"column":26},"end":{"line":769,"column":54}},"305":{"start":{"line":772,"column":23},"end":{"line":772,"column":31}},"306":{"start":{"line":773,"column":8},"end":{"line":783,"column":11}},"307":{"start":{"line":774,"column":12},"end":{"line":782,"column":14}},"308":{"start":{"line":779,"column":20},"end":{"line":780,"column":35}},"309":{"start":{"line":779,"column":29},"end":{"line":779,"column":41}},"310":{"start":{"line":780,"column":25},"end":{"line":780,"column":35}},"311":{"start":{"line":786,"column":22},"end":{"line":790,"column":9}},"312":{"start":{"line":792,"column":8},"end":{"line":802,"column":11}},"313":{"start":{"line":804,"column":8},"end":{"line":804,"column":55}},"314":{"start":{"line":805,"column":8},"end":{"line":808,"column":11}},"315":{"start":{"line":813,"column":0},"end":{"line":871,"column":3}},"316":{"start":{"line":814,"column":29},"end":{"line":814,"column":37}},"317":{"start":{"line":816,"column":4},"end":{"line":821,"column":5}},"318":{"start":{"line":817,"column":8},"end":{"line":820,"column":11}},"319":{"start":{"line":823,"column":4},"end":{"line":870,"column":5}},"320":{"start":{"line":824,"column":21},"end":{"line":829,"column":10}},"321":{"start":{"line":825,"column":12},"end":{"line":828,"column":15}},"322":{"start":{"line":826,"column":16},"end":{"line":827,"column":34}},"323":{"start":{"line":826,"column":25},"end":{"line":826,"column":37}},"324":{"start":{"line":827,"column":21},"end":{"line":827,"column":34}},"325":{"start":{"line":831,"column":8},"end":{"line":836,"column":9}},"326":{"start":{"line":832,"column":12},"end":{"line":835,"column":15}},"327":{"start":{"line":838,"column":28},"end":{"line":838,"column":72}},"328":{"start":{"line":840,"column":8},"end":{"line":845,"column":9}},"329":{"start":{"line":841,"column":12},"end":{"line":844,"column":15}},"330":{"start":{"line":847,"column":22},"end":{"line":851,"column":9}},"331":{"start":{"line":853,"column":8},"end":{"line":863,"column":11}},"332":{"start":{"line":865,"column":8},"end":{"line":865,"column":53}},"333":{"start":{"line":866,"column":8},"end":{"line":869,"column":11}},"334":{"start":{"line":873,"column":0},"end":{"line":928,"column":3}},"335":{"start":{"line":874,"column":106},"end":{"line":874,"column":114}},"336":{"start":{"line":876,"column":4},"end":{"line":881,"column":5}},"337":{"start":{"line":877,"column":8},"end":{"line":880,"column":11}},"338":{"start":{"line":883,"column":22},"end":{"line":893,"column":5}},"339":{"start":{"line":895,"column":4},"end":{"line":927,"column":5}},"340":{"start":{"line":896,"column":8},"end":{"line":896,"column":43}},"341":{"start":{"line":899,"column":29},"end":{"line":899,"column":61}},"342":{"start":{"line":902,"column":8},"end":{"line":902,"column":69}},"343":{"start":{"line":905,"column":8},"end":{"line":905,"column":28}},"344":{"start":{"line":908,"column":8},"end":{"line":908,"column":38}},"345":{"start":{"line":910,"column":8},"end":{"line":917,"column":11}},"346":{"start":{"line":919,"column":8},"end":{"line":919,"column":82}},"347":{"start":{"line":922,"column":8},"end":{"line":922,"column":60}},"348":{"start":{"line":923,"column":8},"end":{"line":926,"column":11}},"349":{"start":{"line":931,"column":0},"end":{"line":948,"column":3}},"350":{"start":{"line":932,"column":19},"end":{"line":932,"column":29}},"351":{"start":{"line":934,"column":4},"end":{"line":947,"column":7}},"352":{"start":{"line":935,"column":8},"end":{"line":937,"column":9}},"353":{"start":{"line":936,"column":12},"end":{"line":936,"column":96}},"354":{"start":{"line":939,"column":8},"end":{"line":941,"column":9}},"355":{"start":{"line":940,"column":12},"end":{"line":940,"column":96}},"356":{"start":{"line":943,"column":8},"end":{"line":946,"column":11}},"357":{"start":{"line":950,"column":0},"end":{"line":979,"column":3}},"358":{"start":{"line":951,"column":19},"end":{"line":951,"column":29}},"359":{"start":{"line":952,"column":23},"end":{"line":952,"column":31}},"360":{"start":{"line":954,"column":4},"end":{"line":978,"column":7}},"361":{"start":{"line":956,"column":8},"end":{"line":958,"column":9}},"362":{"start":{"line":957,"column":12},"end":{"line":957,"column":97}},"363":{"start":{"line":960,"column":8},"end":{"line":962,"column":9}},"364":{"start":{"line":961,"column":12},"end":{"line":961,"column":96}},"365":{"start":{"line":965,"column":8},"end":{"line":965,"column":28}},"366":{"start":{"line":967,"column":8},"end":{"line":977,"column":11}},"367":{"start":{"line":968,"column":12},"end":{"line":970,"column":13}},"368":{"start":{"line":969,"column":16},"end":{"line":969,"column":100}},"369":{"start":{"line":972,"column":12},"end":{"line":976,"column":15}},"370":{"start":{"line":982,"column":0},"end":{"line":993,"column":3}},"371":{"start":{"line":983,"column":4},"end":{"line":992,"column":7}},"372":{"start":{"line":984,"column":8},"end":{"line":986,"column":9}},"373":{"start":{"line":985,"column":12},"end":{"line":985,"column":105}},"374":{"start":{"line":988,"column":8},"end":{"line":991,"column":11}},"375":{"start":{"line":995,"column":0},"end":{"line":1020,"column":3}},"376":{"start":{"line":996,"column":23},"end":{"line":996,"column":33}},"377":{"start":{"line":998,"column":4},"end":{"line":1019,"column":7}},"378":{"start":{"line":999,"column":8},"end":{"line":1001,"column":9}},"379":{"start":{"line":1000,"column":12},"end":{"line":1000,"column":104}},"380":{"start":{"line":1003,"column":8},"end":{"line":1013,"column":9}},"381":{"start":{"line":1004,"column":12},"end":{"line":1012,"column":15}},"382":{"start":{"line":1015,"column":8},"end":{"line":1018,"column":11}},"383":{"start":{"line":1025,"column":0},"end":{"line":1104,"column":3}},"384":{"start":{"line":1026,"column":59},"end":{"line":1026,"column":67}},"385":{"start":{"line":1028,"column":4},"end":{"line":1033,"column":5}},"386":{"start":{"line":1029,"column":8},"end":{"line":1032,"column":11}},"387":{"start":{"line":1035,"column":4},"end":{"line":1103,"column":5}},"388":{"start":{"line":1036,"column":24},"end":{"line":1036,"column":50}},"389":{"start":{"line":1037,"column":31},"end":{"line":1037,"column":73}},"390":{"start":{"line":1040,"column":42},"end":{"line":1040,"column":103}},"391":{"start":{"line":1042,"column":23},"end":{"line":1051,"column":9}},"392":{"start":{"line":1054,"column":8},"end":{"line":1095,"column":15}},"393":{"start":{"line":1060,"column":16},"end":{"line":1072,"column":17}},"394":{"start":{"line":1061,"column":20},"end":{"line":1066,"column":21}},"395":{"start":{"line":1062,"column":24},"end":{"line":1065,"column":27}},"396":{"start":{"line":1067,"column":20},"end":{"line":1067,"column":71}},"397":{"start":{"line":1068,"column":20},"end":{"line":1071,"column":23}},"398":{"start":{"line":1075,"column":29},"end":{"line":1077,"column":47}},"399":{"start":{"line":1079,"column":16},"end":{"line":1082,"column":19}},"400":{"start":{"line":1080,"column":20},"end":{"line":1081,"column":83}},"401":{"start":{"line":1083,"column":16},"end":{"line":1083,"column":32}},"402":{"start":{"line":1085,"column":16},"end":{"line":1092,"column":19}},"403":{"start":{"line":1094,"column":16},"end":{"line":1094,"column":97}},"404":{"start":{"line":1098,"column":8},"end":{"line":1098,"column":60}},"405":{"start":{"line":1099,"column":8},"end":{"line":1102,"column":11}},"406":{"start":{"line":1107,"column":0},"end":{"line":1154,"column":3}},"407":{"start":{"line":1108,"column":23},"end":{"line":1108,"column":31}},"408":{"start":{"line":1110,"column":4},"end":{"line":1115,"column":5}},"409":{"start":{"line":1111,"column":8},"end":{"line":1114,"column":11}},"410":{"start":{"line":1117,"column":4},"end":{"line":1153,"column":5}},"411":{"start":{"line":1118,"column":24},"end":{"line":1118,"column":50}},"412":{"start":{"line":1119,"column":42},"end":{"line":1119,"column":94}},"413":{"start":{"line":1122,"column":8},"end":{"line":1145,"column":11}},"414":{"start":{"line":1123,"column":28},"end":{"line":1123,"column":34}},"415":{"start":{"line":1124,"column":12},"end":{"line":1127,"column":59}},"416":{"start":{"line":1124,"column":36},"end":{"line":1124,"column":59}},"417":{"start":{"line":1125,"column":17},"end":{"line":1127,"column":59}},"418":{"start":{"line":1125,"column":41},"end":{"line":1125,"column":60}},"419":{"start":{"line":1126,"column":17},"end":{"line":1127,"column":59}},"420":{"start":{"line":1126,"column":41},"end":{"line":1126,"column":62}},"421":{"start":{"line":1127,"column":17},"end":{"line":1127,"column":59}},"422":{"start":{"line":1127,"column":41},"end":{"line":1127,"column":59}},"423":{"start":{"line":1129,"column":12},"end":{"line":1144,"column":15}},"424":{"start":{"line":1148,"column":8},"end":{"line":1148,"column":61}},"425":{"start":{"line":1149,"column":8},"end":{"line":1152,"column":11}},"426":{"start":{"line":1157,"column":0},"end":{"line":1168,"column":3}},"427":{"start":{"line":1158,"column":4},"end":{"line":1167,"column":7}},"428":{"start":{"line":1159,"column":8},"end":{"line":1161,"column":9}},"429":{"start":{"line":1160,"column":12},"end":{"line":1160,"column":98}},"430":{"start":{"line":1163,"column":8},"end":{"line":1166,"column":11}},"431":{"start":{"line":1171,"column":0},"end":{"line":1202,"column":3}},"432":{"start":{"line":1172,"column":23},"end":{"line":1172,"column":33}},"433":{"start":{"line":1174,"column":4},"end":{"line":1201,"column":7}},"434":{"start":{"line":1175,"column":8},"end":{"line":1177,"column":9}},"435":{"start":{"line":1176,"column":12},"end":{"line":1176,"column":97}},"436":{"start":{"line":1179,"column":8},"end":{"line":1184,"column":9}},"437":{"start":{"line":1180,"column":12},"end":{"line":1183,"column":15}},"438":{"start":{"line":1187,"column":8},"end":{"line":1200,"column":11}},"439":{"start":{"line":1189,"column":12},"end":{"line":1191,"column":13}},"440":{"start":{"line":1190,"column":16},"end":{"line":1190,"column":104}},"441":{"start":{"line":1193,"column":12},"end":{"line":1199,"column":15}},"442":{"start":{"line":1205,"column":0},"end":{"line":1235,"column":3}},"443":{"start":{"line":1206,"column":23},"end":{"line":1206,"column":32}},"444":{"start":{"line":1208,"column":4},"end":{"line":1210,"column":5}},"445":{"start":{"line":1209,"column":8},"end":{"line":1209,"column":89}},"446":{"start":{"line":1213,"column":4},"end":{"line":1234,"column":7}},"447":{"start":{"line":1214,"column":8},"end":{"line":1216,"column":9}},"448":{"start":{"line":1215,"column":12},"end":{"line":1215,"column":100}},"449":{"start":{"line":1219,"column":30},"end":{"line":1228,"column":11}},"450":{"start":{"line":1219,"column":47},"end":{"line":1228,"column":9}},"451":{"start":{"line":1230,"column":8},"end":{"line":1233,"column":11}},"452":{"start":{"line":1238,"column":0},"end":{"line":1255,"column":3}},"453":{"start":{"line":1239,"column":19},"end":{"line":1239,"column":29}},"454":{"start":{"line":1241,"column":4},"end":{"line":1254,"column":7}},"455":{"start":{"line":1242,"column":8},"end":{"line":1244,"column":9}},"456":{"start":{"line":1243,"column":12},"end":{"line":1243,"column":109}},"457":{"start":{"line":1246,"column":8},"end":{"line":1248,"column":9}},"458":{"start":{"line":1247,"column":12},"end":{"line":1247,"column":99}},"459":{"start":{"line":1250,"column":8},"end":{"line":1253,"column":11}},"460":{"start":{"line":1258,"column":0},"end":{"line":1276,"column":3}},"461":{"start":{"line":1259,"column":23},"end":{"line":1259,"column":31}},"462":{"start":{"line":1261,"column":4},"end":{"line":1263,"column":5}},"463":{"start":{"line":1262,"column":8},"end":{"line":1262,"column":89}},"464":{"start":{"line":1265,"column":4},"end":{"line":1275,"column":7}},"465":{"start":{"line":1267,"column":8},"end":{"line":1269,"column":9}},"466":{"start":{"line":1268,"column":12},"end":{"line":1268,"column":111}},"467":{"start":{"line":1271,"column":8},"end":{"line":1274,"column":11}},"468":{"start":{"line":1279,"column":0},"end":{"line":1298,"column":3}},"469":{"start":{"line":1280,"column":23},"end":{"line":1280,"column":32}},"470":{"start":{"line":1282,"column":4},"end":{"line":1284,"column":5}},"471":{"start":{"line":1283,"column":8},"end":{"line":1283,"column":89}},"472":{"start":{"line":1286,"column":4},"end":{"line":1297,"column":7}},"473":{"start":{"line":1288,"column":8},"end":{"line":1290,"column":9}},"474":{"start":{"line":1289,"column":12},"end":{"line":1289,"column":103}},"475":{"start":{"line":1292,"column":8},"end":{"line":1296,"column":11}},"476":{"start":{"line":1301,"column":0},"end":{"line":1335,"column":3}},"477":{"start":{"line":1302,"column":33},"end":{"line":1302,"column":41}},"478":{"start":{"line":1304,"column":4},"end":{"line":1306,"column":5}},"479":{"start":{"line":1305,"column":8},"end":{"line":1305,"column":103}},"480":{"start":{"line":1309,"column":4},"end":{"line":1317,"column":7}},"481":{"start":{"line":1314,"column":8},"end":{"line":1316,"column":9}},"482":{"start":{"line":1315,"column":12},"end":{"line":1315,"column":66}},"483":{"start":{"line":1320,"column":4},"end":{"line":1334,"column":7}},"484":{"start":{"line":1326,"column":8},"end":{"line":1328,"column":9}},"485":{"start":{"line":1327,"column":12},"end":{"line":1327,"column":97}},"486":{"start":{"line":1330,"column":8},"end":{"line":1333,"column":11}},"487":{"start":{"line":1339,"column":27},"end":{"line":1339,"column":35}},"488":{"start":{"line":1340,"column":65},"end":{"line":1340,"column":77}},"489":{"start":{"line":1342,"column":4},"end":{"line":1371,"column":7}},"490":{"start":{"line":1347,"column":8},"end":{"line":1350,"column":9}},"491":{"start":{"line":1348,"column":12},"end":{"line":1348,"column":61}},"492":{"start":{"line":1349,"column":12},"end":{"line":1349,"column":19}},"493":{"start":{"line":1352,"column":8},"end":{"line":1352,"column":77}},"494":{"start":{"line":1355,"column":21},"end":{"line":1364,"column":10}},"495":{"start":{"line":1366,"column":8},"end":{"line":1370,"column":9}},"496":{"start":{"line":1367,"column":12},"end":{"line":1367,"column":79}},"497":{"start":{"line":1369,"column":12},"end":{"line":1369,"column":101}},"498":{"start":{"line":1373,"column":4},"end":{"line":1373,"column":26}},"499":{"start":{"line":1377,"column":0},"end":{"line":1400,"column":3}},"500":{"start":{"line":1378,"column":58},"end":{"line":1378,"column":66}},"501":{"start":{"line":1380,"column":4},"end":{"line":1385,"column":5}},"502":{"start":{"line":1381,"column":8},"end":{"line":1384,"column":11}},"503":{"start":{"line":1387,"column":27},"end":{"line":1393,"column":6}},"504":{"start":{"line":1395,"column":4},"end":{"line":1399,"column":7}},"505":{"start":{"line":1403,"column":0},"end":{"line":1445,"column":3}},"506":{"start":{"line":1405,"column":4},"end":{"line":1444,"column":7}},"507":{"start":{"line":1413,"column":8},"end":{"line":1415,"column":9}},"508":{"start":{"line":1414,"column":12},"end":{"line":1414,"column":103}},"509":{"start":{"line":1417,"column":23},"end":{"line":1420,"column":10}},"510":{"start":{"line":1418,"column":25},"end":{"line":1418,"column":43}},"511":{"start":{"line":1419,"column":12},"end":{"line":1419,"column":88}},"512":{"start":{"line":1422,"column":27},"end":{"line":1422,"column":55}},"513":{"start":{"line":1422,"column":43},"end":{"line":1422,"column":54}},"514":{"start":{"line":1423,"column":26},"end":{"line":1423,"column":53}},"515":{"start":{"line":1423,"column":42},"end":{"line":1423,"column":52}},"516":{"start":{"line":1425,"column":8},"end":{"line":1443,"column":11}},"517":{"start":{"line":1447,"column":0},"end":{"line":1484,"column":3}},"518":{"start":{"line":1448,"column":4},"end":{"line":1483,"column":7}},"519":{"start":{"line":1451,"column":8},"end":{"line":1453,"column":9}},"520":{"start":{"line":1452,"column":12},"end":{"line":1452,"column":108}},"521":{"start":{"line":1455,"column":23},"end":{"line":1455,"column":25}},"522":{"start":{"line":1456,"column":21},"end":{"line":1456,"column":23}},"523":{"start":{"line":1457,"column":23},"end":{"line":1457,"column":25}},"524":{"start":{"line":1459,"column":24},"end":{"line":1464,"column":9}},"525":{"start":{"line":1466,"column":8},"end":{"line":1471,"column":11}},"526":{"start":{"line":1467,"column":25},"end":{"line":1467,"column":95}},"527":{"start":{"line":1468,"column":12},"end":{"line":1468,"column":36}},"528":{"start":{"line":1469,"column":12},"end":{"line":1469,"column":33}},"529":{"start":{"line":1470,"column":12},"end":{"line":1470,"column":36}},"530":{"start":{"line":1473,"column":8},"end":{"line":1482,"column":11}},"531":{"start":{"line":1487,"column":0},"end":{"line":1490,"column":3}},"532":{"start":{"line":1488,"column":4},"end":{"line":1488,"column":24}},"533":{"start":{"line":1489,"column":4},"end":{"line":1489,"column":63}},"534":{"start":{"line":1493,"column":0},"end":{"line":1493,"column":73}},"535":{"start":{"line":1495,"column":0},"end":{"line":1497,"column":3}},"536":{"start":{"line":1496,"column":4},"end":{"line":1496,"column":43}},"537":{"start":{"line":1500,"column":0},"end":{"line":1510,"column":3}},"538":{"start":{"line":1501,"column":4},"end":{"line":1509,"column":5}},"539":{"start":{"line":1502,"column":8},"end":{"line":1502,"column":54}},"540":{"start":{"line":1503,"column":24},"end":{"line":1503,"column":48}},"541":{"start":{"line":1504,"column":8},"end":{"line":1504,"column":25}},"542":{"start":{"line":1506,"column":8},"end":{"line":1506,"column":58}},"543":{"start":{"line":1507,"column":8},"end":{"line":1507,"column":51}},"544":{"start":{"line":1508,"column":8},"end":{"line":1508,"column":30}},"545":{"start":{"line":1513,"column":0},"end":{"line":1578,"column":3}},"546":{"start":{"line":1514,"column":53},"end":{"line":1514,"column":62}},"547":{"start":{"line":1516,"column":22},"end":{"line":1516,"column":24}},"548":{"start":{"line":1517,"column":17},"end":{"line":1517,"column":19}},"549":{"start":{"line":1519,"column":4},"end":{"line":1522,"column":5}},"550":{"start":{"line":1520,"column":8},"end":{"line":1520,"column":43}},"551":{"start":{"line":1521,"column":8},"end":{"line":1521,"column":28}},"552":{"start":{"line":1524,"column":4},"end":{"line":1527,"column":5}},"553":{"start":{"line":1525,"column":8},"end":{"line":1525,"column":75}},"554":{"start":{"line":1526,"column":8},"end":{"line":1526,"column":30}},"555":{"start":{"line":1529,"column":4},"end":{"line":1532,"column":5}},"556":{"start":{"line":1530,"column":8},"end":{"line":1530,"column":90}},"557":{"start":{"line":1531,"column":8},"end":{"line":1531,"column":31}},"558":{"start":{"line":1534,"column":4},"end":{"line":1537,"column":5}},"559":{"start":{"line":1535,"column":8},"end":{"line":1535,"column":90}},"560":{"start":{"line":1536,"column":8},"end":{"line":1536,"column":29}},"561":{"start":{"line":1539,"column":4},"end":{"line":1577,"column":7}},"562":{"start":{"line":1540,"column":8},"end":{"line":1542,"column":9}},"563":{"start":{"line":1541,"column":12},"end":{"line":1541,"column":99}},"564":{"start":{"line":1545,"column":27},"end":{"line":1545,"column":120}},"565":{"start":{"line":1546,"column":24},"end":{"line":1568,"column":21}},"566":{"start":{"line":1547,"column":30},"end":{"line":1554,"column":13}},"567":{"start":{"line":1548,"column":16},"end":{"line":1548,"column":65}},"568":{"start":{"line":1548,"column":55},"end":{"line":1548,"column":65}},"569":{"start":{"line":1549,"column":16},"end":{"line":1549,"column":34}},"570":{"start":{"line":1550,"column":16},"end":{"line":1552,"column":17}},"571":{"start":{"line":1551,"column":20},"end":{"line":1551,"column":58}},"572":{"start":{"line":1553,"column":16},"end":{"line":1553,"column":27}},"573":{"start":{"line":1556,"column":12},"end":{"line":1567,"column":24}},"574":{"start":{"line":1570,"column":20},"end":{"line":1570,"column":40}},"575":{"start":{"line":1571,"column":25},"end":{"line":1571,"column":92}},"576":{"start":{"line":1573,"column":8},"end":{"line":1573,"column":65}},"577":{"start":{"line":1574,"column":8},"end":{"line":1574,"column":83}},"578":{"start":{"line":1575,"column":8},"end":{"line":1575,"column":72}},"579":{"start":{"line":1576,"column":8},"end":{"line":1576,"column":33}},"580":{"start":{"line":1581,"column":0},"end":{"line":1590,"column":3}},"581":{"start":{"line":1582,"column":4},"end":{"line":1589,"column":7}},"582":{"start":{"line":1593,"column":0},"end":{"line":1593,"column":22}},"583":{"start":{"line":1596,"column":0},"end":{"line":1601,"column":3}},"584":{"start":{"line":1597,"column":4},"end":{"line":1600,"column":7}},"585":{"start":{"line":1604,"column":0},"end":{"line":1604,"column":21}},"586":{"start":{"line":1606,"column":0},"end":{"line":1616,"column":3}},"587":{"start":{"line":1607,"column":4},"end":{"line":1607,"column":61}},"588":{"start":{"line":1608,"column":4},"end":{"line":1608,"column":69}},"589":{"start":{"line":1609,"column":4},"end":{"line":1609,"column":73}},"590":{"start":{"line":1610,"column":4},"end":{"line":1610,"column":73}},"591":{"start":{"line":1611,"column":4},"end":{"line":1611,"column":68}},"592":{"start":{"line":1612,"column":4},"end":{"line":1612,"column":42}},"593":{"start":{"line":1613,"column":4},"end":{"line":1613,"column":62}},"594":{"start":{"line":1614,"column":4},"end":{"line":1614,"column":75}},"595":{"start":{"line":1615,"column":4},"end":{"line":1615,"column":63}},"596":{"start":{"line":1618,"column":0},"end":{"line":1618,"column":21}}},"fnMap":{"0":{"name":"(anonymous_0)","decl":{"start":{"line":80,"column":21},"end":{"line":80,"column":22}},"loc":{"start":{"line":80,"column":29},"end":{"line":119,"column":1}},"line":80},"1":{"name":"(anonymous_1)","decl":{"start":{"line":85,"column":21},"end":{"line":85,"column":22}},"loc":{"start":{"line":85,"column":34},"end":{"line":104,"column":5}},"line":85},"2":{"name":"(anonymous_2)","decl":{"start":{"line":106,"column":19},"end":{"line":106,"column":20}},"loc":{"start":{"line":106,"column":25},"end":{"line":113,"column":5}},"line":106},"3":{"name":"(anonymous_3)","decl":{"start":{"line":115,"column":19},"end":{"line":115,"column":20}},"loc":{"start":{"line":115,"column":30},"end":{"line":118,"column":5}},"line":115},"4":{"name":"sendNotificationViaWebSocket","decl":{"start":{"line":122,"column":9},"end":{"line":122,"column":37}},"loc":{"start":{"line":122,"column":60},"end":{"line":132,"column":1}},"line":122},"5":{"name":"(anonymous_5)","decl":{"start":{"line":158,"column":27},"end":{"line":158,"column":28}},"loc":{"start":{"line":158,"column":33},"end":{"line":313,"column":1}},"line":158},"6":{"name":"(anonymous_6)","decl":{"start":{"line":159,"column":17},"end":{"line":159,"column":18}},"loc":{"start":{"line":159,"column":23},"end":{"line":312,"column":5}},"line":159},"7":{"name":"(anonymous_7)","decl":{"start":{"line":210,"column":68},"end":{"line":210,"column":69}},"loc":{"start":{"line":210,"column":77},"end":{"line":214,"column":9}},"line":210},"8":{"name":"(anonymous_8)","decl":{"start":{"line":215,"column":80},"end":{"line":215,"column":81}},"loc":{"start":{"line":215,"column":89},"end":{"line":219,"column":9}},"line":215},"9":{"name":"(anonymous_9)","decl":{"start":{"line":220,"column":66},"end":{"line":220,"column":67}},"loc":{"start":{"line":220,"column":75},"end":{"line":224,"column":9}},"line":220},"10":{"name":"(anonymous_10)","decl":{"start":{"line":225,"column":80},"end":{"line":225,"column":81}},"loc":{"start":{"line":225,"column":89},"end":{"line":229,"column":9}},"line":225},"11":{"name":"(anonymous_11)","decl":{"start":{"line":230,"column":81},"end":{"line":230,"column":82}},"loc":{"start":{"line":230,"column":90},"end":{"line":234,"column":9}},"line":230},"12":{"name":"(anonymous_12)","decl":{"start":{"line":235,"column":72},"end":{"line":235,"column":73}},"loc":{"start":{"line":235,"column":81},"end":{"line":239,"column":9}},"line":235},"13":{"name":"(anonymous_13)","decl":{"start":{"line":305,"column":61},"end":{"line":305,"column":62}},"loc":{"start":{"line":305,"column":75},"end":{"line":309,"column":9}},"line":305},"14":{"name":"(anonymous_14)","decl":{"start":{"line":316,"column":26},"end":{"line":316,"column":27}},"loc":{"start":{"line":316,"column":38},"end":{"line":331,"column":1}},"line":316},"15":{"name":"(anonymous_15)","decl":{"start":{"line":317,"column":23},"end":{"line":317,"column":24}},"loc":{"start":{"line":317,"column":44},"end":{"line":330,"column":5}},"line":317},"16":{"name":"(anonymous_16)","decl":{"start":{"line":325,"column":11},"end":{"line":325,"column":12}},"loc":{"start":{"line":325,"column":25},"end":{"line":328,"column":9}},"line":325},"17":{"name":"(anonymous_17)","decl":{"start":{"line":333,"column":27},"end":{"line":333,"column":28}},"loc":{"start":{"line":333,"column":39},"end":{"line":384,"column":1}},"line":333},"18":{"name":"(anonymous_18)","decl":{"start":{"line":334,"column":23},"end":{"line":334,"column":24}},"loc":{"start":{"line":334,"column":44},"end":{"line":383,"column":5}},"line":334},"19":{"name":"(anonymous_19)","decl":{"start":{"line":336,"column":90},"end":{"line":336,"column":91}},"loc":{"start":{"line":336,"column":104},"end":{"line":382,"column":9}},"line":336},"20":{"name":"(anonymous_20)","decl":{"start":{"line":360,"column":96},"end":{"line":360,"column":97}},"loc":{"start":{"line":360,"column":116},"end":{"line":381,"column":13}},"line":360},"21":{"name":"(anonymous_21)","decl":{"start":{"line":377,"column":73},"end":{"line":377,"column":74}},"loc":{"start":{"line":377,"column":82},"end":{"line":380,"column":21}},"line":377},"22":{"name":"(anonymous_22)","decl":{"start":{"line":386,"column":27},"end":{"line":386,"column":28}},"loc":{"start":{"line":386,"column":68},"end":{"line":416,"column":1}},"line":386},"23":{"name":"(anonymous_23)","decl":{"start":{"line":387,"column":23},"end":{"line":387,"column":24}},"loc":{"start":{"line":387,"column":44},"end":{"line":415,"column":5}},"line":387},"24":{"name":"(anonymous_24)","decl":{"start":{"line":407,"column":63},"end":{"line":407,"column":64}},"loc":{"start":{"line":407,"column":72},"end":{"line":414,"column":13}},"line":407},"25":{"name":"(anonymous_25)","decl":{"start":{"line":418,"column":31},"end":{"line":418,"column":32}},"loc":{"start":{"line":418,"column":43},"end":{"line":449,"column":1}},"line":418},"26":{"name":"(anonymous_26)","decl":{"start":{"line":452,"column":27},"end":{"line":452,"column":28}},"loc":{"start":{"line":452,"column":39},"end":{"line":459,"column":1}},"line":452},"27":{"name":"(anonymous_27)","decl":{"start":{"line":462,"column":32},"end":{"line":462,"column":33}},"loc":{"start":{"line":462,"column":74},"end":{"line":578,"column":1}},"line":462},"28":{"name":"(anonymous_28)","decl":{"start":{"line":467,"column":42},"end":{"line":467,"column":43}},"loc":{"start":{"line":467,"column":55},"end":{"line":492,"column":5}},"line":467},"29":{"name":"(anonymous_29)","decl":{"start":{"line":468,"column":90},"end":{"line":468,"column":91}},"loc":{"start":{"line":468,"column":104},"end":{"line":491,"column":9}},"line":468},"30":{"name":"(anonymous_30)","decl":{"start":{"line":533,"column":41},"end":{"line":533,"column":42}},"loc":{"start":{"line":533,"column":54},"end":{"line":570,"column":5}},"line":533},"31":{"name":"(anonymous_31)","decl":{"start":{"line":534,"column":74},"end":{"line":534,"column":75}},"loc":{"start":{"line":534,"column":88},"end":{"line":569,"column":9}},"line":534},"32":{"name":"(anonymous_32)","decl":{"start":{"line":580,"column":25},"end":{"line":580,"column":26}},"loc":{"start":{"line":580,"column":45},"end":{"line":600,"column":1}},"line":580},"33":{"name":"(anonymous_33)","decl":{"start":{"line":582,"column":15},"end":{"line":582,"column":16}},"loc":{"start":{"line":582,"column":21},"end":{"line":599,"column":5}},"line":582},"34":{"name":"(anonymous_34)","decl":{"start":{"line":584,"column":33},"end":{"line":584,"column":34}},"loc":{"start":{"line":584,"column":42},"end":{"line":598,"column":16}},"line":584},"35":{"name":"(anonymous_35)","decl":{"start":{"line":589,"column":34},"end":{"line":589,"column":35}},"loc":{"start":{"line":589,"column":40},"end":{"line":596,"column":24}},"line":589},"36":{"name":"(anonymous_36)","decl":{"start":{"line":591,"column":52},"end":{"line":591,"column":53}},"loc":{"start":{"line":591,"column":61},"end":{"line":595,"column":35}},"line":591},"37":{"name":"(anonymous_37)","decl":{"start":{"line":602,"column":26},"end":{"line":602,"column":27}},"loc":{"start":{"line":602,"column":32},"end":{"line":619,"column":1}},"line":602},"38":{"name":"(anonymous_38)","decl":{"start":{"line":603,"column":66},"end":{"line":603,"column":67}},"loc":{"start":{"line":603,"column":86},"end":{"line":618,"column":5}},"line":603},"39":{"name":"(anonymous_39)","decl":{"start":{"line":606,"column":100},"end":{"line":606,"column":101}},"loc":{"start":{"line":606,"column":119},"end":{"line":617,"column":9}},"line":606},"40":{"name":"(anonymous_40)","decl":{"start":{"line":624,"column":59},"end":{"line":624,"column":60}},"loc":{"start":{"line":624,"column":73},"end":{"line":641,"column":1}},"line":624},"41":{"name":"(anonymous_41)","decl":{"start":{"line":625,"column":74},"end":{"line":625,"column":75}},"loc":{"start":{"line":625,"column":90},"end":{"line":640,"column":5}},"line":625},"42":{"name":"(anonymous_42)","decl":{"start":{"line":644,"column":57},"end":{"line":644,"column":58}},"loc":{"start":{"line":644,"column":71},"end":{"line":696,"column":1}},"line":644},"43":{"name":"(anonymous_43)","decl":{"start":{"line":673,"column":49},"end":{"line":673,"column":50}},"loc":{"start":{"line":673,"column":64},"end":{"line":695,"column":5}},"line":673},"44":{"name":"(anonymous_44)","decl":{"start":{"line":678,"column":84},"end":{"line":678,"column":85}},"loc":{"start":{"line":678,"column":103},"end":{"line":694,"column":9}},"line":678},"45":{"name":"(anonymous_45)","decl":{"start":{"line":701,"column":78},"end":{"line":701,"column":79}},"loc":{"start":{"line":701,"column":98},"end":{"line":810,"column":1}},"line":701},"46":{"name":"(anonymous_46)","decl":{"start":{"line":739,"column":48},"end":{"line":739,"column":49}},"loc":{"start":{"line":739,"column":69},"end":{"line":744,"column":9}},"line":739},"47":{"name":"(anonymous_47)","decl":{"start":{"line":740,"column":68},"end":{"line":740,"column":69}},"loc":{"start":{"line":740,"column":82},"end":{"line":743,"column":13}},"line":740},"48":{"name":"(anonymous_48)","decl":{"start":{"line":754,"column":46},"end":{"line":754,"column":47}},"loc":{"start":{"line":754,"column":67},"end":{"line":759,"column":9}},"line":754},"49":{"name":"(anonymous_49)","decl":{"start":{"line":755,"column":64},"end":{"line":755,"column":65}},"loc":{"start":{"line":755,"column":78},"end":{"line":758,"column":13}},"line":755},"50":{"name":"(anonymous_50)","decl":{"start":{"line":773,"column":26},"end":{"line":773,"column":27}},"loc":{"start":{"line":773,"column":47},"end":{"line":783,"column":9}},"line":773},"51":{"name":"(anonymous_51)","decl":{"start":{"line":778,"column":16},"end":{"line":778,"column":17}},"loc":{"start":{"line":778,"column":25},"end":{"line":781,"column":17}},"line":778},"52":{"name":"(anonymous_52)","decl":{"start":{"line":813,"column":60},"end":{"line":813,"column":61}},"loc":{"start":{"line":813,"column":80},"end":{"line":871,"column":1}},"line":813},"53":{"name":"(anonymous_53)","decl":{"start":{"line":824,"column":39},"end":{"line":824,"column":40}},"loc":{"start":{"line":824,"column":60},"end":{"line":829,"column":9}},"line":824},"54":{"name":"(anonymous_54)","decl":{"start":{"line":825,"column":67},"end":{"line":825,"column":68}},"loc":{"start":{"line":825,"column":81},"end":{"line":828,"column":13}},"line":825},"55":{"name":"(anonymous_55)","decl":{"start":{"line":873,"column":70},"end":{"line":873,"column":71}},"loc":{"start":{"line":873,"column":90},"end":{"line":928,"column":1}},"line":873},"56":{"name":"(anonymous_56)","decl":{"start":{"line":931,"column":37},"end":{"line":931,"column":38}},"loc":{"start":{"line":931,"column":51},"end":{"line":948,"column":1}},"line":931},"57":{"name":"(anonymous_57)","decl":{"start":{"line":934,"column":61},"end":{"line":934,"column":62}},"loc":{"start":{"line":934,"column":75},"end":{"line":947,"column":5}},"line":934},"58":{"name":"(anonymous_58)","decl":{"start":{"line":950,"column":44},"end":{"line":950,"column":45}},"loc":{"start":{"line":950,"column":58},"end":{"line":979,"column":1}},"line":950},"59":{"name":"(anonymous_59)","decl":{"start":{"line":955,"column":25},"end":{"line":955,"column":26}},"loc":{"start":{"line":955,"column":39},"end":{"line":978,"column":5}},"line":955},"60":{"name":"(anonymous_60)","decl":{"start":{"line":967,"column":65},"end":{"line":967,"column":66}},"loc":{"start":{"line":967,"column":79},"end":{"line":977,"column":9}},"line":967},"61":{"name":"(anonymous_61)","decl":{"start":{"line":982,"column":33},"end":{"line":982,"column":34}},"loc":{"start":{"line":982,"column":47},"end":{"line":993,"column":1}},"line":982},"62":{"name":"(anonymous_62)","decl":{"start":{"line":983,"column":67},"end":{"line":983,"column":68}},"loc":{"start":{"line":983,"column":82},"end":{"line":992,"column":5}},"line":983},"63":{"name":"(anonymous_63)","decl":{"start":{"line":995,"column":41},"end":{"line":995,"column":42}},"loc":{"start":{"line":995,"column":55},"end":{"line":1020,"column":1}},"line":995},"64":{"name":"(anonymous_64)","decl":{"start":{"line":998,"column":70},"end":{"line":998,"column":71}},"loc":{"start":{"line":998,"column":84},"end":{"line":1019,"column":5}},"line":998},"65":{"name":"(anonymous_65)","decl":{"start":{"line":1025,"column":38},"end":{"line":1025,"column":39}},"loc":{"start":{"line":1025,"column":58},"end":{"line":1104,"column":1}},"line":1025},"66":{"name":"(anonymous_66)","decl":{"start":{"line":1059,"column":12},"end":{"line":1059,"column":13}},"loc":{"start":{"line":1059,"column":26},"end":{"line":1095,"column":13}},"line":1059},"67":{"name":"(anonymous_67)","decl":{"start":{"line":1079,"column":31},"end":{"line":1079,"column":32}},"loc":{"start":{"line":1079,"column":40},"end":{"line":1082,"column":17}},"line":1079},"68":{"name":"(anonymous_68)","decl":{"start":{"line":1107,"column":82},"end":{"line":1107,"column":83}},"loc":{"start":{"line":1107,"column":102},"end":{"line":1154,"column":1}},"line":1107},"69":{"name":"(anonymous_69)","decl":{"start":{"line":1122,"column":80},"end":{"line":1122,"column":81}},"loc":{"start":{"line":1122,"column":104},"end":{"line":1145,"column":9}},"line":1122},"70":{"name":"(anonymous_70)","decl":{"start":{"line":1157,"column":28},"end":{"line":1157,"column":29}},"loc":{"start":{"line":1157,"column":42},"end":{"line":1168,"column":1}},"line":1157},"71":{"name":"(anonymous_71)","decl":{"start":{"line":1158,"column":80},"end":{"line":1158,"column":81}},"loc":{"start":{"line":1158,"column":95},"end":{"line":1167,"column":5}},"line":1158},"72":{"name":"(anonymous_72)","decl":{"start":{"line":1171,"column":36},"end":{"line":1171,"column":37}},"loc":{"start":{"line":1171,"column":50},"end":{"line":1202,"column":1}},"line":1171},"73":{"name":"(anonymous_73)","decl":{"start":{"line":1174,"column":76},"end":{"line":1174,"column":77}},"loc":{"start":{"line":1174,"column":94},"end":{"line":1201,"column":5}},"line":1174},"74":{"name":"(anonymous_74)","decl":{"start":{"line":1188,"column":25},"end":{"line":1188,"column":26}},"loc":{"start":{"line":1188,"column":42},"end":{"line":1200,"column":9}},"line":1188},"75":{"name":"(anonymous_75)","decl":{"start":{"line":1205,"column":33},"end":{"line":1205,"column":34}},"loc":{"start":{"line":1205,"column":47},"end":{"line":1235,"column":1}},"line":1205},"76":{"name":"(anonymous_76)","decl":{"start":{"line":1213,"column":95},"end":{"line":1213,"column":96}},"loc":{"start":{"line":1213,"column":110},"end":{"line":1234,"column":5}},"line":1213},"77":{"name":"(anonymous_77)","decl":{"start":{"line":1219,"column":39},"end":{"line":1219,"column":40}},"loc":{"start":{"line":1219,"column":47},"end":{"line":1228,"column":9}},"line":1219},"78":{"name":"(anonymous_78)","decl":{"start":{"line":1238,"column":42},"end":{"line":1238,"column":43}},"loc":{"start":{"line":1238,"column":56},"end":{"line":1255,"column":1}},"line":1238},"79":{"name":"(anonymous_79)","decl":{"start":{"line":1241,"column":86},"end":{"line":1241,"column":87}},"loc":{"start":{"line":1241,"column":100},"end":{"line":1254,"column":5}},"line":1241},"80":{"name":"(anonymous_80)","decl":{"start":{"line":1258,"column":42},"end":{"line":1258,"column":43}},"loc":{"start":{"line":1258,"column":56},"end":{"line":1276,"column":1}},"line":1258},"81":{"name":"(anonymous_81)","decl":{"start":{"line":1266,"column":21},"end":{"line":1266,"column":22}},"loc":{"start":{"line":1266,"column":35},"end":{"line":1275,"column":5}},"line":1266},"82":{"name":"(anonymous_82)","decl":{"start":{"line":1279,"column":39},"end":{"line":1279,"column":40}},"loc":{"start":{"line":1279,"column":53},"end":{"line":1298,"column":1}},"line":1279},"83":{"name":"(anonymous_83)","decl":{"start":{"line":1287,"column":21},"end":{"line":1287,"column":22}},"loc":{"start":{"line":1287,"column":35},"end":{"line":1297,"column":5}},"line":1287},"84":{"name":"(anonymous_84)","decl":{"start":{"line":1301,"column":36},"end":{"line":1301,"column":37}},"loc":{"start":{"line":1301,"column":50},"end":{"line":1335,"column":1}},"line":1301},"85":{"name":"(anonymous_85)","decl":{"start":{"line":1313,"column":8},"end":{"line":1313,"column":9}},"loc":{"start":{"line":1313,"column":17},"end":{"line":1317,"column":5}},"line":1313},"86":{"name":"(anonymous_86)","decl":{"start":{"line":1325,"column":31},"end":{"line":1325,"column":32}},"loc":{"start":{"line":1325,"column":45},"end":{"line":1334,"column":5}},"line":1325},"87":{"name":"createUserNotification","decl":{"start":{"line":1338,"column":9},"end":{"line":1338,"column":31}},"loc":{"start":{"line":1338,"column":54},"end":{"line":1374,"column":1}},"line":1338},"88":{"name":"(anonymous_88)","decl":{"start":{"line":1346,"column":11},"end":{"line":1346,"column":12}},"loc":{"start":{"line":1346,"column":20},"end":{"line":1371,"column":5}},"line":1346},"89":{"name":"(anonymous_89)","decl":{"start":{"line":1377,"column":41},"end":{"line":1377,"column":42}},"loc":{"start":{"line":1377,"column":55},"end":{"line":1400,"column":1}},"line":1377},"90":{"name":"(anonymous_90)","decl":{"start":{"line":1403,"column":48},"end":{"line":1403,"column":49}},"loc":{"start":{"line":1403,"column":62},"end":{"line":1445,"column":1}},"line":1403},"91":{"name":"(anonymous_91)","decl":{"start":{"line":1412,"column":27},"end":{"line":1412,"column":28}},"loc":{"start":{"line":1412,"column":42},"end":{"line":1444,"column":5}},"line":1412},"92":{"name":"(anonymous_92)","decl":{"start":{"line":1417,"column":32},"end":{"line":1417,"column":33}},"loc":{"start":{"line":1417,"column":39},"end":{"line":1420,"column":9}},"line":1417},"93":{"name":"(anonymous_93)","decl":{"start":{"line":1422,"column":36},"end":{"line":1422,"column":37}},"loc":{"start":{"line":1422,"column":43},"end":{"line":1422,"column":54}},"line":1422},"94":{"name":"(anonymous_94)","decl":{"start":{"line":1423,"column":35},"end":{"line":1423,"column":36}},"loc":{"start":{"line":1423,"column":42},"end":{"line":1423,"column":52}},"line":1423},"95":{"name":"(anonymous_95)","decl":{"start":{"line":1447,"column":47},"end":{"line":1447,"column":48}},"loc":{"start":{"line":1447,"column":61},"end":{"line":1484,"column":1}},"line":1447},"96":{"name":"(anonymous_96)","decl":{"start":{"line":1450,"column":33},"end":{"line":1450,"column":34}},"loc":{"start":{"line":1450,"column":48},"end":{"line":1483,"column":5}},"line":1450},"97":{"name":"(anonymous_97)","decl":{"start":{"line":1466,"column":21},"end":{"line":1466,"column":22}},"loc":{"start":{"line":1466,"column":28},"end":{"line":1471,"column":9}},"line":1466},"98":{"name":"(anonymous_98)","decl":{"start":{"line":1487,"column":29},"end":{"line":1487,"column":30}},"loc":{"start":{"line":1487,"column":35},"end":{"line":1490,"column":1}},"line":1487},"99":{"name":"(anonymous_99)","decl":{"start":{"line":1495,"column":21},"end":{"line":1495,"column":22}},"loc":{"start":{"line":1495,"column":35},"end":{"line":1497,"column":1}},"line":1495},"100":{"name":"(anonymous_100)","decl":{"start":{"line":1500,"column":20},"end":{"line":1500,"column":21}},"loc":{"start":{"line":1500,"column":40},"end":{"line":1510,"column":1}},"line":1500},"101":{"name":"(anonymous_101)","decl":{"start":{"line":1513,"column":44},"end":{"line":1513,"column":45}},"loc":{"start":{"line":1513,"column":58},"end":{"line":1578,"column":1}},"line":1513},"102":{"name":"(anonymous_102)","decl":{"start":{"line":1539,"column":89},"end":{"line":1539,"column":90}},"loc":{"start":{"line":1539,"column":104},"end":{"line":1577,"column":5}},"line":1539},"103":{"name":"(anonymous_103)","decl":{"start":{"line":1546,"column":33},"end":{"line":1546,"column":34}},"loc":{"start":{"line":1546,"column":40},"end":{"line":1568,"column":9}},"line":1546},"104":{"name":"(anonymous_104)","decl":{"start":{"line":1547,"column":30},"end":{"line":1547,"column":31}},"loc":{"start":{"line":1547,"column":39},"end":{"line":1554,"column":13}},"line":1547},"105":{"name":"(anonymous_105)","decl":{"start":{"line":1581,"column":19},"end":{"line":1581,"column":20}},"loc":{"start":{"line":1581,"column":33},"end":{"line":1590,"column":1}},"line":1581},"106":{"name":"(anonymous_106)","decl":{"start":{"line":1596,"column":13},"end":{"line":1596,"column":14}},"loc":{"start":{"line":1596,"column":27},"end":{"line":1601,"column":1}},"line":1596},"107":{"name":"(anonymous_107)","decl":{"start":{"line":1606,"column":20},"end":{"line":1606,"column":21}},"loc":{"start":{"line":1606,"column":26},"end":{"line":1616,"column":1}},"line":1606}},"branchMap":{"0":{"loc":{"start":{"line":61,"column":13},"end":{"line":61,"column":37}},"type":"binary-expr","locations":[{"start":{"line":61,"column":13},"end":{"line":61,"column":29}},{"start":{"line":61,"column":33},"end":{"line":61,"column":37}}],"line":61},"1":{"loc":{"start":{"line":62,"column":19},"end":{"line":62,"column":68}},"type":"binary-expr","locations":[{"start":{"line":62,"column":19},"end":{"line":62,"column":41}},{"start":{"line":62,"column":45},"end":{"line":62,"column":68}}],"line":62},"2":{"loc":{"start":{"line":63,"column":17},"end":{"line":63,"column":54}},"type":"binary-expr","locations":[{"start":{"line":63,"column":17},"end":{"line":63,"column":37}},{"start":{"line":63,"column":41},"end":{"line":63,"column":54}}],"line":63},"3":{"loc":{"start":{"line":64,"column":21},"end":{"line":69,"column":1}},"type":"cond-expr","locations":[{"start":{"line":64,"column":48},"end":{"line":64,"column":83}},{"start":{"line":64,"column":86},"end":{"line":69,"column":1}}],"line":64},"4":{"loc":{"start":{"line":89,"column":12},"end":{"line":99,"column":13}},"type":"if","locations":[{"start":{"line":89,"column":12},"end":{"line":99,"column":13}},{"start":{},"end":{}}],"line":89},"5":{"loc":{"start":{"line":107,"column":8},"end":{"line":110,"column":9}},"type":"if","locations":[{"start":{"line":107,"column":8},"end":{"line":110,"column":9}},{"start":{},"end":{}}],"line":107},"6":{"loc":{"start":{"line":124,"column":4},"end":{"line":130,"column":5}},"type":"if","locations":[{"start":{"line":124,"column":4},"end":{"line":130,"column":5}},{"start":{},"end":{}}],"line":124},"7":{"loc":{"start":{"line":124,"column":8},"end":{"line":124,"column":54}},"type":"binary-expr","locations":[{"start":{"line":124,"column":8},"end":{"line":124,"column":14}},{"start":{"line":124,"column":18},"end":{"line":124,"column":54}}],"line":124},"8":{"loc":{"start":{"line":211,"column":12},"end":{"line":213,"column":13}},"type":"if","locations":[{"start":{"line":211,"column":12},"end":{"line":213,"column":13}},{"start":{},"end":{}}],"line":211},"9":{"loc":{"start":{"line":211,"column":16},"end":{"line":211,"column":64}},"type":"binary-expr","locations":[{"start":{"line":211,"column":16},"end":{"line":211,"column":19}},{"start":{"line":211,"column":23},"end":{"line":211,"column":64}}],"line":211},"10":{"loc":{"start":{"line":216,"column":12},"end":{"line":218,"column":13}},"type":"if","locations":[{"start":{"line":216,"column":12},"end":{"line":218,"column":13}},{"start":{},"end":{}}],"line":216},"11":{"loc":{"start":{"line":216,"column":16},"end":{"line":216,"column":64}},"type":"binary-expr","locations":[{"start":{"line":216,"column":16},"end":{"line":216,"column":19}},{"start":{"line":216,"column":23},"end":{"line":216,"column":64}}],"line":216},"12":{"loc":{"start":{"line":221,"column":12},"end":{"line":223,"column":13}},"type":"if","locations":[{"start":{"line":221,"column":12},"end":{"line":223,"column":13}},{"start":{},"end":{}}],"line":221},"13":{"loc":{"start":{"line":221,"column":16},"end":{"line":221,"column":64}},"type":"binary-expr","locations":[{"start":{"line":221,"column":16},"end":{"line":221,"column":19}},{"start":{"line":221,"column":23},"end":{"line":221,"column":64}}],"line":221},"14":{"loc":{"start":{"line":226,"column":12},"end":{"line":228,"column":13}},"type":"if","locations":[{"start":{"line":226,"column":12},"end":{"line":228,"column":13}},{"start":{},"end":{}}],"line":226},"15":{"loc":{"start":{"line":226,"column":16},"end":{"line":226,"column":64}},"type":"binary-expr","locations":[{"start":{"line":226,"column":16},"end":{"line":226,"column":19}},{"start":{"line":226,"column":23},"end":{"line":226,"column":64}}],"line":226},"16":{"loc":{"start":{"line":231,"column":12},"end":{"line":233,"column":13}},"type":"if","locations":[{"start":{"line":231,"column":12},"end":{"line":233,"column":13}},{"start":{},"end":{}}],"line":231},"17":{"loc":{"start":{"line":231,"column":16},"end":{"line":231,"column":64}},"type":"binary-expr","locations":[{"start":{"line":231,"column":16},"end":{"line":231,"column":19}},{"start":{"line":231,"column":23},"end":{"line":231,"column":64}}],"line":231},"18":{"loc":{"start":{"line":236,"column":12},"end":{"line":238,"column":13}},"type":"if","locations":[{"start":{"line":236,"column":12},"end":{"line":238,"column":13}},{"start":{},"end":{}}],"line":236},"19":{"loc":{"start":{"line":236,"column":16},"end":{"line":236,"column":64}},"type":"binary-expr","locations":[{"start":{"line":236,"column":16},"end":{"line":236,"column":19}},{"start":{"line":236,"column":23},"end":{"line":236,"column":64}}],"line":236},"20":{"loc":{"start":{"line":306,"column":12},"end":{"line":308,"column":13}},"type":"if","locations":[{"start":{"line":306,"column":12},"end":{"line":308,"column":13}},{"start":{},"end":{}}],"line":306},"21":{"loc":{"start":{"line":326,"column":12},"end":{"line":327,"column":38}},"type":"if","locations":[{"start":{"line":326,"column":12},"end":{"line":327,"column":38}},{"start":{"line":327,"column":17},"end":{"line":327,"column":38}}],"line":326},"22":{"loc":{"start":{"line":337,"column":12},"end":{"line":340,"column":13}},"type":"if","locations":[{"start":{"line":337,"column":12},"end":{"line":340,"column":13}},{"start":{},"end":{}}],"line":337},"23":{"loc":{"start":{"line":347,"column":12},"end":{"line":356,"column":13}},"type":"if","locations":[{"start":{"line":347,"column":12},"end":{"line":356,"column":13}},{"start":{"line":350,"column":19},"end":{"line":356,"column":13}}],"line":347},"24":{"loc":{"start":{"line":350,"column":19},"end":{"line":356,"column":13}},"type":"if","locations":[{"start":{"line":350,"column":19},"end":{"line":356,"column":13}},{"start":{"line":353,"column":19},"end":{"line":356,"column":13}}],"line":350},"25":{"loc":{"start":{"line":353,"column":19},"end":{"line":356,"column":13}},"type":"if","locations":[{"start":{"line":353,"column":19},"end":{"line":356,"column":13}},{"start":{},"end":{}}],"line":353},"26":{"loc":{"start":{"line":361,"column":16},"end":{"line":364,"column":17}},"type":"if","locations":[{"start":{"line":361,"column":16},"end":{"line":364,"column":17}},{"start":{},"end":{}}],"line":361},"27":{"loc":{"start":{"line":366,"column":16},"end":{"line":369,"column":17}},"type":"if","locations":[{"start":{"line":366,"column":16},"end":{"line":369,"column":17}},{"start":{},"end":{}}],"line":366},"28":{"loc":{"start":{"line":378,"column":24},"end":{"line":379,"column":84}},"type":"if","locations":[{"start":{"line":378,"column":24},"end":{"line":379,"column":84}},{"start":{"line":379,"column":29},"end":{"line":379,"column":84}}],"line":378},"29":{"loc":{"start":{"line":408,"column":16},"end":{"line":413,"column":17}},"type":"if","locations":[{"start":{"line":408,"column":16},"end":{"line":413,"column":17}},{"start":{"line":409,"column":21},"end":{"line":413,"column":17}}],"line":408},"30":{"loc":{"start":{"line":420,"column":4},"end":{"line":432,"column":5}},"type":"if","locations":[{"start":{"line":420,"column":4},"end":{"line":432,"column":5}},{"start":{},"end":{}}],"line":420},"31":{"loc":{"start":{"line":422,"column":8},"end":{"line":422,"column":100}},"type":"if","locations":[{"start":{"line":422,"column":8},"end":{"line":422,"column":100}},{"start":{},"end":{}}],"line":422},"32":{"loc":{"start":{"line":422,"column":12},"end":{"line":422,"column":73}},"type":"binary-expr","locations":[{"start":{"line":422,"column":12},"end":{"line":422,"column":37}},{"start":{"line":422,"column":41},"end":{"line":422,"column":73}}],"line":422},"33":{"loc":{"start":{"line":423,"column":8},"end":{"line":423,"column":99}},"type":"if","locations":[{"start":{"line":423,"column":8},"end":{"line":423,"column":99}},{"start":{},"end":{}}],"line":423},"34":{"loc":{"start":{"line":423,"column":12},"end":{"line":423,"column":74}},"type":"binary-expr","locations":[{"start":{"line":423,"column":12},"end":{"line":423,"column":39}},{"start":{"line":423,"column":43},"end":{"line":423,"column":74}}],"line":423},"35":{"loc":{"start":{"line":424,"column":8},"end":{"line":424,"column":63}},"type":"if","locations":[{"start":{"line":424,"column":8},"end":{"line":424,"column":63}},{"start":{},"end":{}}],"line":424},"36":{"loc":{"start":{"line":425,"column":8},"end":{"line":425,"column":65}},"type":"if","locations":[{"start":{"line":425,"column":8},"end":{"line":425,"column":65}},{"start":{},"end":{}}],"line":425},"37":{"loc":{"start":{"line":426,"column":8},"end":{"line":426,"column":75}},"type":"if","locations":[{"start":{"line":426,"column":8},"end":{"line":426,"column":75}},{"start":{},"end":{}}],"line":426},"38":{"loc":{"start":{"line":427,"column":8},"end":{"line":427,"column":59}},"type":"if","locations":[{"start":{"line":427,"column":8},"end":{"line":427,"column":59}},{"start":{},"end":{}}],"line":427},"39":{"loc":{"start":{"line":428,"column":8},"end":{"line":428,"column":62}},"type":"if","locations":[{"start":{"line":428,"column":8},"end":{"line":428,"column":62}},{"start":{},"end":{}}],"line":428},"40":{"loc":{"start":{"line":429,"column":8},"end":{"line":429,"column":60}},"type":"if","locations":[{"start":{"line":429,"column":8},"end":{"line":429,"column":60}},{"start":{},"end":{}}],"line":429},"41":{"loc":{"start":{"line":430,"column":8},"end":{"line":430,"column":55}},"type":"if","locations":[{"start":{"line":430,"column":8},"end":{"line":430,"column":55}},{"start":{},"end":{}}],"line":430},"42":{"loc":{"start":{"line":436,"column":4},"end":{"line":438,"column":5}},"type":"if","locations":[{"start":{"line":436,"column":4},"end":{"line":438,"column":5}},{"start":{},"end":{}}],"line":436},"43":{"loc":{"start":{"line":440,"column":4},"end":{"line":442,"column":5}},"type":"if","locations":[{"start":{"line":440,"column":4},"end":{"line":442,"column":5}},{"start":{},"end":{}}],"line":440},"44":{"loc":{"start":{"line":444,"column":4},"end":{"line":446,"column":5}},"type":"if","locations":[{"start":{"line":444,"column":4},"end":{"line":446,"column":5}},{"start":{},"end":{}}],"line":444},"45":{"loc":{"start":{"line":453,"column":4},"end":{"line":453,"column":45}},"type":"if","locations":[{"start":{"line":453,"column":4},"end":{"line":453,"column":45}},{"start":{},"end":{}}],"line":453},"46":{"loc":{"start":{"line":454,"column":4},"end":{"line":454,"column":47}},"type":"if","locations":[{"start":{"line":454,"column":4},"end":{"line":454,"column":47}},{"start":{},"end":{}}],"line":454},"47":{"loc":{"start":{"line":455,"column":4},"end":{"line":455,"column":48}},"type":"if","locations":[{"start":{"line":455,"column":4},"end":{"line":455,"column":48}},{"start":{},"end":{}}],"line":455},"48":{"loc":{"start":{"line":456,"column":4},"end":{"line":456,"column":56}},"type":"if","locations":[{"start":{"line":456,"column":4},"end":{"line":456,"column":56}},{"start":{},"end":{}}],"line":456},"49":{"loc":{"start":{"line":457,"column":4},"end":{"line":457,"column":105}},"type":"if","locations":[{"start":{"line":457,"column":4},"end":{"line":457,"column":105}},{"start":{},"end":{}}],"line":457},"50":{"loc":{"start":{"line":469,"column":31},"end":{"line":469,"column":46}},"type":"binary-expr","locations":[{"start":{"line":469,"column":31},"end":{"line":469,"column":41}},{"start":{"line":469,"column":45},"end":{"line":469,"column":46}}],"line":469},"51":{"loc":{"start":{"line":470,"column":12},"end":{"line":489,"column":13}},"type":"if","locations":[{"start":{"line":470,"column":12},"end":{"line":489,"column":13}},{"start":{"line":480,"column":19},"end":{"line":489,"column":13}}],"line":470},"52":{"loc":{"start":{"line":476,"column":30},"end":{"line":476,"column":96}},"type":"cond-expr","locations":[{"start":{"line":476,"column":48},"end":{"line":476,"column":58}},{"start":{"line":476,"column":61},"end":{"line":476,"column":96}}],"line":476},"53":{"loc":{"start":{"line":476,"column":61},"end":{"line":476,"column":96}},"type":"cond-expr","locations":[{"start":{"line":476,"column":79},"end":{"line":476,"column":85}},{"start":{"line":476,"column":88},"end":{"line":476,"column":96}}],"line":476},"54":{"loc":{"start":{"line":495,"column":4},"end":{"line":530,"column":5}},"type":"if","locations":[{"start":{"line":495,"column":4},"end":{"line":530,"column":5}},{"start":{"line":510,"column":11},"end":{"line":530,"column":5}}],"line":495},"55":{"loc":{"start":{"line":496,"column":29},"end":{"line":496,"column":70}},"type":"binary-expr","locations":[{"start":{"line":496,"column":29},"end":{"line":496,"column":64}},{"start":{"line":496,"column":68},"end":{"line":496,"column":70}}],"line":496},"56":{"loc":{"start":{"line":499,"column":8},"end":{"line":509,"column":9}},"type":"if","locations":[{"start":{"line":499,"column":8},"end":{"line":509,"column":9}},{"start":{},"end":{}}],"line":499},"57":{"loc":{"start":{"line":510,"column":11},"end":{"line":530,"column":5}},"type":"if","locations":[{"start":{"line":510,"column":11},"end":{"line":530,"column":5}},{"start":{"line":520,"column":11},"end":{"line":530,"column":5}}],"line":510},"58":{"loc":{"start":{"line":520,"column":11},"end":{"line":530,"column":5}},"type":"if","locations":[{"start":{"line":520,"column":11},"end":{"line":530,"column":5}},{"start":{},"end":{}}],"line":520},"59":{"loc":{"start":{"line":520,"column":15},"end":{"line":520,"column":54}},"type":"binary-expr","locations":[{"start":{"line":520,"column":15},"end":{"line":520,"column":32}},{"start":{"line":520,"column":36},"end":{"line":520,"column":54}}],"line":520},"60":{"loc":{"start":{"line":535,"column":12},"end":{"line":567,"column":13}},"type":"if","locations":[{"start":{"line":535,"column":12},"end":{"line":567,"column":13}},{"start":{},"end":{}}],"line":535},"61":{"loc":{"start":{"line":536,"column":16},"end":{"line":566,"column":17}},"type":"if","locations":[{"start":{"line":536,"column":16},"end":{"line":566,"column":17}},{"start":{"line":546,"column":23},"end":{"line":566,"column":17}}],"line":536},"62":{"loc":{"start":{"line":546,"column":23},"end":{"line":566,"column":17}},"type":"if","locations":[{"start":{"line":546,"column":23},"end":{"line":566,"column":17}},{"start":{"line":556,"column":23},"end":{"line":566,"column":17}}],"line":546},"63":{"loc":{"start":{"line":556,"column":23},"end":{"line":566,"column":17}},"type":"if","locations":[{"start":{"line":556,"column":23},"end":{"line":566,"column":17}},{"start":{},"end":{}}],"line":556},"64":{"loc":{"start":{"line":585,"column":19},"end":{"line":597,"column":20}},"type":"if","locations":[{"start":{"line":585,"column":19},"end":{"line":597,"column":20}},{"start":{},"end":{}}],"line":585},"65":{"loc":{"start":{"line":592,"column":38},"end":{"line":594,"column":39}},"type":"if","locations":[{"start":{"line":592,"column":38},"end":{"line":594,"column":39}},{"start":{},"end":{}}],"line":592},"66":{"loc":{"start":{"line":604,"column":8},"end":{"line":604,"column":24}},"type":"if","locations":[{"start":{"line":604,"column":8},"end":{"line":604,"column":24}},{"start":{},"end":{}}],"line":604},"67":{"loc":{"start":{"line":607,"column":12},"end":{"line":607,"column":28}},"type":"if","locations":[{"start":{"line":607,"column":12},"end":{"line":607,"column":28}},{"start":{},"end":{}}],"line":607},"68":{"loc":{"start":{"line":612,"column":32},"end":{"line":612,"column":127}},"type":"cond-expr","locations":[{"start":{"line":612,"column":57},"end":{"line":612,"column":120}},{"start":{"line":612,"column":124},"end":{"line":612,"column":127}}],"line":612},"69":{"loc":{"start":{"line":626,"column":8},"end":{"line":628,"column":9}},"type":"if","locations":[{"start":{"line":626,"column":8},"end":{"line":628,"column":9}},{"start":{},"end":{}}],"line":626},"70":{"loc":{"start":{"line":633,"column":35},"end":{"line":633,"column":65}},"type":"binary-expr","locations":[{"start":{"line":633,"column":35},"end":{"line":633,"column":60}},{"start":{"line":633,"column":64},"end":{"line":633,"column":65}}],"line":633},"71":{"loc":{"start":{"line":634,"column":32},"end":{"line":634,"column":59}},"type":"binary-expr","locations":[{"start":{"line":634,"column":32},"end":{"line":634,"column":54}},{"start":{"line":634,"column":58},"end":{"line":634,"column":59}}],"line":634},"72":{"loc":{"start":{"line":635,"column":29},"end":{"line":635,"column":57}},"type":"binary-expr","locations":[{"start":{"line":635,"column":29},"end":{"line":635,"column":48}},{"start":{"line":635,"column":52},"end":{"line":635,"column":57}}],"line":635},"73":{"loc":{"start":{"line":636,"column":30},"end":{"line":636,"column":55}},"type":"binary-expr","locations":[{"start":{"line":636,"column":30},"end":{"line":636,"column":50}},{"start":{"line":636,"column":54},"end":
[...]
,"C:\\Users\\adm\\OneDrive\\Área de Trabalho\\PROJETOS\\a3 - quinta\\sentinela-pix\\backend\\utils\\logger.js": {"path":"C:\\Users\\adm\\OneDrive\\Área de Trabalho\\PROJETOS\\a3 - quinta\\sentinela-pix\\backend\\utils\\logger.js","statementMap":{"0":{"start":{"line":6,"column":16},"end":{"line":6,"column":34}},"1":{"start":{"line":7,"column":13},"end":{"line":7,"column":28}},"2":{"start":{"line":8,"column":24},"end":{"line":8,"column":60}},"3":{"start":{"line":11,"column":15},"end":{"line":17,"column":1}},"4":{"start":{"line":20,"column":15},"end":{"line":26,"column":1}},"5":{"start":{"line":28,"column":0},"end":{"line":28,"column":26}},"6":{"start":{"line":31,"column":15},"end":{"line":47,"column":1}},"7":{"start":{"line":37,"column":55},"end":{"line":37,"column":59}},"8":{"start":{"line":39,"column":18},"end":{"line":39,"column":69}},"9":{"start":{"line":41,"column":8},"end":{"line":43,"column":9}},"10":{"start":{"line":42,"column":12},"end":{"line":42,"column":55}},"11":{"start":{"line":45,"column":8},"end":{"line":45,"column":19}},"12":{"start":{"line":50,"column":22},"end":{"line":63,"column":1}},"13":{"start":{"line":54,"column":55},"end":{"line":54,"column":59}},"14":{"start":{"line":55,"column":18},"end":{"line":55,"column":53}},"15":{"start":{"line":57,"column":8},"end":{"line":57,"column":58}},"16":{"start":{"line":57,"column":25},"end":{"line":57,"column":58}},"17":{"start":{"line":58,"column":8},"end":{"line":58,"column":48}},"18":{"start":{"line":58,"column":21},"end":{"line":58,"column":48}},"19":{"start":{"line":59,"column":8},"end":{"line":59,"column":68}},"20":{"start":{"line":59,"column":27},"end":{"line":59,"column":68}},"21":{"start":{"line":61,"column":8},"end":{"line":61,"column":19}},"22":{"start":{"line":66,"column":19},"end":{"line":104,"column":1}},"23":{"start":{"line":107,"column":15},"end":{"line":113,"column":2}},"24":{"start":{"line":118,"column":20},"end":{"line":133,"column":2}},"25":{"start":{"line":138,"column":23},"end":{"line":153,"column":2}},"26":{"start":{"line":159,"column":18},"end":{"line":159,"column":28}},"27":{"start":{"line":162,"column":4},"end":{"line":181,"column":7}},"28":{"start":{"line":163,"column":25},"end":{"line":163,"column":43}},"29":{"start":{"line":164,"column":24},"end":{"line":172,"column":9}},"30":{"start":{"line":174,"column":8},"end":{"line":180,"column":9}},"31":{"start":{"line":175,"column":12},"end":{"line":175,"column":56}},"32":{"start":{"line":176,"column":15},"end":{"line":180,"column":9}},"33":{"start":{"line":177,"column":12},"end":{"line":177,"column":57}},"34":{"start":{"line":179,"column":12},"end":{"line":179,"column":49}},"35":{"start":{"line":183,"column":4},"end":{"line":183,"column":11}},"36":{"start":{"line":190,"column":4},"end":{"line":195,"column":7}},"37":{"start":{"line":202,"column":4},"end":{"line":207,"column":7}},"38":{"start":{"line":214,"column":25},"end":{"line":222,"column":5}},"39":{"start":{"line":224,"column":4},"end":{"line":224,"column":52}},"40":{"start":{"line":227,"column":4},"end":{"line":233,"column":5}},"41":{"start":{"line":228,"column":8},"end":{"line":232,"column":11}},"42":{"start":{"line":236,"column":4},"end":{"line":247,"column":5}},"43":{"start":{"line":237,"column":8},"end":{"line":240,"column":11}},"44":{"start":{"line":242,"column":8},"end":{"line":246,"column":11}},"45":{"start":{"line":254,"column":4},"end":{"line":260,"column":6}},"46":{"start":{"line":255,"column":39},"end":{"line":255,"column":85}},"47":{"start":{"line":256,"column":38},"end":{"line":256,"column":83}},"48":{"start":{"line":257,"column":38},"end":{"line":257,"column":83}},"49":{"start":{"line":258,"column":38},"end":{"line":258,"column":83}},"50":{"start":{"line":259,"column":39},"end":{"line":259,"column":85}},"51":{"start":{"line":266,"column":15},"end":{"line":270,"column":1}},"52":{"start":{"line":268,"column":8},"end":{"line":268,"column":36}},"53":{"start":{"line":272,"column":0},"end":{"line":282,"column":2}}},"fnMap":{"0":{"name":"(anonymous_0)","decl":{"start":{"line":36,"column":26},"end":{"line":36,"column":27}},"loc":{"start":{"line":36,"column":36},"end":{"line":46,"column":5}},"line":36},"1":{"name":"(anonymous_1)","decl":{"start":{"line":53,"column":26},"end":{"line":53,"column":27}},"loc":{"start":{"line":53,"column":36},"end":{"line":62,"column":5}},"line":53},"2":{"name":"httpLogger","decl":{"start":{"line":158,"column":9},"end":{"line":158,"column":19}},"loc":{"start":{"line":158,"column":36},"end":{"line":184,"column":1}},"line":158},"3":{"name":"(anonymous_3)","decl":{"start":{"line":162,"column":21},"end":{"line":162,"column":22}},"loc":{"start":{"line":162,"column":27},"end":{"line":181,"column":5}},"line":162},"4":{"name":"logAudit","decl":{"start":{"line":189,"column":9},"end":{"line":189,"column":17}},"loc":{"start":{"line":189,"column":48},"end":{"line":196,"column":1}},"line":189},"5":{"name":"logSecurity","decl":{"start":{"line":201,"column":9},"end":{"line":201,"column":20}},"loc":{"start":{"line":201,"column":52},"end":{"line":208,"column":1}},"line":201},"6":{"name":"errorHandler","decl":{"start":{"line":213,"column":9},"end":{"line":213,"column":21}},"loc":{"start":{"line":213,"column":43},"end":{"line":248,"column":1}},"line":213},"7":{"name":"createContextLogger","decl":{"start":{"line":253,"column":9},"end":{"line":253,"column":28}},"loc":{"start":{"line":253,"column":38},"end":{"line":261,"column":1}},"line":253},"8":{"name":"(anonymous_8)","decl":{"start":{"line":255,"column":15},"end":{"line":255,"column":16}},"loc":{"start":{"line":255,"column":39},"end":{"line":255,"column":85}},"line":255},"9":{"name":"(anonymous_9)","decl":{"start":{"line":256,"column":14},"end":{"line":256,"column":15}},"loc":{"start":{"line":256,"column":38},"end":{"line":256,"column":83}},"line":256},"10":{"name":"(anonymous_10)","decl":{"start":{"line":257,"column":14},"end":{"line":257,"column":15}},"loc":{"start":{"line":257,"column":38},"end":{"line":257,"column":83}},"line":257},"11":{"name":"(anonymous_11)","decl":{"start":{"line":258,"column":14},"end":{"line":258,"column":15}},"loc":{"start":{"line":258,"column":38},"end":{"line":258,"column":83}},"line":258},"12":{"name":"(anonymous_12)","decl":{"start":{"line":259,"column":15},"end":{"line":259,"column":16}},"loc":{"start":{"line":259,"column":39},"end":{"line":259,"column":85}},"line":259},"13":{"name":"(anonymous_13)","decl":{"start":{"line":267,"column":11},"end":{"line":267,"column":12}},"loc":{"start":{"line":267,"column":24},"end":{"line":269,"column":5}},"line":267}},"branchMap":{"0":{"loc":{"start":{"line":41,"column":8},"end":{"line":43,"column":9}},"type":"if","locations":[{"start":{"line":41,"column":8},"end":{"line":43,"column":9}},{"start":{},"end":{}}],"line":41},"1":{"loc":{"start":{"line":57,"column":8},"end":{"line":57,"column":58}},"type":"if","locations":[{"start":{"line":57,"column":8},"end":{"line":57,"column":58}},{"start":{},"end":{}}],"line":57},"2":{"loc":{"start":{"line":58,"column":8},"end":{"line":58,"column":48}},"type":"if","locations":[{"start":{"line":58,"column":8},"end":{"line":58,"column":48}},{"start":{},"end":{}}],"line":58},"3":{"loc":{"start":{"line":59,"column":8},"end":{"line":59,"column":68}},"type":"if","locations":[{"start":{"line":59,"column":8},"end":{"line":59,"column":68}},{"start":{},"end":{}}],"line":59},"4":{"loc":{"start":{"line":70,"column":15},"end":{"line":70,"column":46}},"type":"binary-expr","locations":[{"start":{"line":70,"column":15},"end":{"line":70,"column":36}},{"start":{"line":70,"column":40},"end":{"line":70,"column":46}}],"line":70},"5":{"loc":{"start":{"line":108,"column":11},"end":{"line":108,"column":42}},"type":"binary-expr","locations":[{"start":{"line":108,"column":11},"end":{"line":108,"column":32}},{"start":{"line":108,"column":36},"end":{"line":108,"column":42}}],"line":108},"6":{"loc":{"start":{"line":174,"column":8},"end":{"line":180,"column":9}},"type":"if","locations":[{"start":{"line":174,"column":8},"end":{"line":180,"column":9}},{"start":{"line":176,"column":15},"end":{"line":180,"column":9}}],"line":174},"7":{"loc":{"start":{"line":176,"column":15},"end":{"line":180,"column":9}},"type":"if","locations":[{"start":{"line":176,"column":15},"end":{"line":180,"column":9}},{"start":{"line":178,"column":15},"end":{"line":180,"column":9}}],"line":176},"8":{"loc":{"start":{"line":189,"column":34},"end":{"line":189,"column":46}},"type":"default-arg","locations":[{"start":{"line":189,"column":44},"end":{"line":189,"column":46}}],"line":189},"9":{"loc":{"start":{"line":201,"column":38},"end":{"line":201,"column":50}},"type":"default-arg","locations":[{"start":{"line":201,"column":48},"end":{"line":201,"column":50}}],"line":201},"10":{"loc":{"start":{"line":227,"column":4},"end":{"line":233,"column":5}},"type":"if","locations":[{"start":{"line":227,"column":4},"end":{"line":233,"column":5}},{"start":{},"end":{}}],"line":227},"11":{"loc":{"start":{"line":227,"column":8},"end":{"line":227,"column":62}},"type":"binary-expr","locations":[{"start":{"line":227,"column":8},"end":{"line":227,"column":40}},{"start":{"line":227,"column":44},"end":{"line":227,"column":62}}],"line":227},"12":{"loc":{"start":{"line":236,"column":4},"end":{"line":247,"column":5}},"type":"if","locations":[{"start":{"line":236,"column":4},"end":{"line":247,"column":5}},{"start":{"line":241,"column":11},"end":{"line":247,"column":5}}],"line":236},"13":{"loc":{"start":{"line":237,"column":19},"end":{"line":237,"column":36}},"type":"binary-expr","locations":[{"start":{"line":237,"column":19},"end":{"line":237,"column":29}},{"start":{"line":237,"column":33},"end":{"line":237,"column":36}}],"line":237},"14":{"loc":{"start":{"line":239,"column":21},"end":{"line":239,"column":71}},"type":"cond-expr","locations":[{"start":{"line":239,"column":40},"end":{"line":239,"column":51}},{"start":{"line":239,"column":54},"end":{"line":239,"column":71}}],"line":239},"15":{"loc":{"start":{"line":242,"column":19},"end":{"line":242,"column":36}},"type":"binary-expr","locations":[{"start":{"line":242,"column":19},"end":{"line":242,"column":29}},{"start":{"line":242,"column":33},"end":{"line":242,"column":36}}],"line":242},"16":{"loc":{"start":{"line":255,"column":25},"end":{"line":255,"column":34}},"type":"default-arg","locations":[{"start":{"line":255,"column":32},"end":{"line":255,"column":34}}],"line":255},"17":{"loc":{"start":{"line":256,"column":24},"end":{"line":256,"column":33}},"type":"default-arg","locations":[{"start":{"line":256,"column":31},"end":{"line":256,"column":33}}],"line":256},"18":{"loc":{"start":{"line":257,"column":24},"end":{"line":257,"column":33}},"type":"default-arg","locations":[{"start":{"line":257,"column":31},"end":{"line":257,"column":33}}],"line":257},"19":{"loc":{"start":{"line":258,"column":24},"end":{"line":258,"column":33}},"type":"default-arg","locations":[{"start":{"line":258,"column":31},"end":{"line":258,"column":33}}],"line":258},"20":{"loc":{"start":{"line":259,"column":25},"end":{"line":259,"column":34}},"type":"default-arg","locations":[{"start":{"line":259,"column":32},"end":{"line":259,"column":34}}],"line":259}},"s":{"0":1,"1":1,"2":1,"3":1,"4":1,"5":1,"6":1,"7":0,"8":0,"9":0,"10":0,"11":0,"12":1,"13":0,"14":0,"15":0,"16":0,"17":0,"18":0,"19":0,"20":0,"21":0,"22":1,"23":1,"24":1,"25":1,"26":0,"27":0,"28":0,"29":0,"30":0,"31":0,"32":0,"33":0,"34":0,"35":0,"36":0,"37":0,"38":0,"39":0,"40":0,"41":0,"42":0,"43":0,"44":0,"45":0,"46":0,"47":0,"48":0,"49":0,"50":0,"51":1,"52":0,"53":1},"f":{"0":0,"1":0,"2":0,"3":0,"4":0,"5":0,"6":0,"7":0,"8":0,"9":0,"10":0,"11":0,"12":0,"13":0},"b":{"0":[0,0],"1":[0,0],"2":[0,0],"3":[0,0],"4":[1,1],"5":[1,1],"6":[0,0],"7":[0,0],"8":[0],"9":[0],"10":[0,0],"11":[0,0],"12":[0,0],"13":[0,0],"14":[0,0],"15":[0,0],"16":[0],"17":[0],"18":[0],"19":[0],"20":[0]},"_coverageSchema":"1a1c01bbd47fc00a2c39e90264f33305004495a9","hash":"a671712608c98080e860e49c4a8e7a1924655cde"}
,"C:\\Users\\adm\\OneDrive\\Área de Trabalho\\PROJETOS\\a3 - quinta\\sentinela-pix\\backend\\utils\\metrics.js": {"path":"C:\\Users\\adm\\OneDrive\\Área de Trabalho\\PROJETOS\\a3 - quinta\\sentinela-pix\\backend\\utils\\metrics.js","statementMap":{"0":{"start":{"line":6,"column":15},"end":{"line":6,"column":37}},"1":{"start":{"line":9,"column":17},"end":{"line":9,"column":38}},"2":{"start":{"line":12,"column":0},"end":{"line":16,"column":3}},"3":{"start":{"line":23,"column":26},"end":{"line":27,"column":2}},"4":{"start":{"line":30,"column":28},"end":{"line":35,"column":2}},"5":{"start":{"line":38,"column":28},"end":{"line":41,"column":2}},"6":{"start":{"line":48,"column":23},"end":{"line":52,"column":2}},"7":{"start":{"line":55,"column":24},"end":{"line":60,"column":2}},"8":{"start":{"line":67,"column":26},"end":{"line":71,"column":2}},"9":{"start":{"line":74,"column":26},"end":{"line":78,"column":2}},"10":{"start":{"line":81,"column":25},"end":{"line":84,"column":2}},"11":{"start":{"line":87,"column":26},"end":{"line":91,"column":2}},"12":{"start":{"line":98,"column":25},"end":{"line":102,"column":2}},"13":{"start":{"line":109,"column":20},"end":{"line":113,"column":2}},"14":{"start":{"line":119,"column":0},"end":{"line":119,"column":43}},"15":{"start":{"line":120,"column":0},"end":{"line":120,"column":45}},"16":{"start":{"line":121,"column":0},"end":{"line":121,"column":45}},"17":{"start":{"line":122,"column":0},"end":{"line":122,"column":40}},"18":{"start":{"line":123,"column":0},"end":{"line":123,"column":41}},"19":{"start":{"line":124,"column":0},"end":{"line":124,"column":43}},"20":{"start":{"line":125,"column":0},"end":{"line":125,"column":43}},"21":{"start":{"line":126,"column":0},"end":{"line":126,"column":42}},"22":{"start":{"line":127,"column":0},"end":{"line":127,"column":43}},"23":{"start":{"line":128,"column":0},"end":{"line":128,"column":42}},"24":{"start":{"line":129,"column":0},"end":{"line":129,"column":37}},"25":{"start":{"line":135,"column":26},"end":{"line":164,"column":1}},"26":{"start":{"line":137,"column":2},"end":{"line":139,"column":3}},"27":{"start":{"line":138,"column":4},"end":{"line":138,"column":18}},"28":{"start":{"line":141,"column":16},"end":{"line":141,"column":26}},"29":{"start":{"line":144,"column":2},"end":{"line":161,"column":5}},"30":{"start":{"line":145,"column":21},"end":{"line":145,"column":48}},"31":{"start":{"line":146,"column":18},"end":{"line":146,"column":55}},"32":{"start":{"line":149,"column":4},"end":{"line":153,"column":7}},"33":{"start":{"line":156,"column":4},"end":{"line":160,"column":17}},"34":{"start":{"line":163,"column":2},"end":{"line":163,"column":9}},"35":{"start":{"line":174,"column":2},"end":{"line":174,"column":51}},"36":{"start":{"line":175,"column":2},"end":{"line":177,"column":3}},"37":{"start":{"line":176,"column":4},"end":{"line":176,"column":60}},"38":{"start":{"line":184,"column":2},"end":{"line":187,"column":5}},"39":{"start":{"line":194,"column":2},"end":{"line":194,"column":64}},"40":{"start":{"line":201,"column":2},"end":{"line":201,"column":30}},"41":{"start":{"line":208,"column":2},"end":{"line":208,"column":42}},"42":{"start":{"line":215,"column":2},"end":{"line":218,"column":5}},"43":{"start":{"line":225,"column":2},"end":{"line":225,"column":38}},"44":{"start":{"line":232,"column":2},"end":{"line":232,"column":28}},"45":{"start":{"line":236,"column":2},"end":{"line":236,"column":28}},"46":{"start":{"line":243,"column":0},"end":{"line":272,"column":2}}},"fnMap":{"0":{"name":"(anonymous_0)","decl":{"start":{"line":135,"column":26},"end":{"line":135,"column":27}},"loc":{"start":{"line":135,"column":46},"end":{"line":164,"column":1}},"line":135},"1":{"name":"(anonymous_1)","decl":{"start":{"line":144,"column":19},"end":{"line":144,"column":20}},"loc":{"start":{"line":144,"column":25},"end":{"line":161,"column":3}},"line":144},"2":{"name":"recordDbQuery","decl":{"start":{"line":173,"column":9},"end":{"line":173,"column":22}},"loc":{"start":{"line":173,"column":59},"end":{"line":178,"column":1}},"line":173},"3":{"name":"recordFraudReport","decl":{"start":{"line":183,"column":9},"end":{"line":183,"column":26}},"loc":{"start":{"line":183,"column":46},"end":{"line":188,"column":1}},"line":183},"4":{"name":"recordRiskAnalysis","decl":{"start":{"line":193,"column":9},"end":{"line":193,"column":27}},"loc":{"start":{"line":193,"column":39},"end":{"line":195,"column":1}},"line":193},"5":{"name":"setActiveUsers","decl":{"start":{"line":200,"column":9},"end":{"line":200,"column":23}},"loc":{"start":{"line":200,"column":31},"end":{"line":202,"column":1}},"line":200},"6":{"name":"recordNotification","decl":{"start":{"line":207,"column":9},"end":{"line":207,"column":27}},"loc":{"start":{"line":207,"column":42},"end":{"line":209,"column":1}},"line":207},"7":{"name":"recordRateLimitBlock","decl":{"start":{"line":214,"column":9},"end":{"line":214,"column":29}},"loc":{"start":{"line":214,"column":53},"end":{"line":219,"column":1}},"line":214},"8":{"name":"recordError","decl":{"start":{"line":224,"column":9},"end":{"line":224,"column":20}},"loc":{"start":{"line":224,"column":47},"end":{"line":226,"column":1}},"line":224},"9":{"name":"incrementWsConnections","decl":{"start":{"line":231,"column":9},"end":{"line":231,"column":31}},"loc":{"start":{"line":231,"column":34},"end":{"line":233,"column":1}},"line":231},"10":{"name":"decrementWsConnections","decl":{"start":{"line":235,"column":9},"end":{"line":235,"column":31}},"loc":{"start":{"line":235,"column":34},"end":{"line":237,"column":1}},"line":235}},"branchMap":{"0":{"loc":{"start":{"line":137,"column":2},"end":{"line":139,"column":3}},"type":"if","locations":[{"start":{"line":137,"column":2},"end":{"line":139,"column":3}},{"start":{},"end":{}}],"line":137},"1":{"loc":{"start":{"line":146,"column":18},"end":{"line":146,"column":55}},"type":"cond-expr","locations":[{"start":{"line":146,"column":30},"end":{"line":146,"column":44}},{"start":{"line":146,"column":47},"end":{"line":146,"column":55}}],"line":146},"2":{"loc":{"start":{"line":175,"column":2},"end":{"line":177,"column":3}},"type":"if","locations":[{"start":{"line":175,"column":2},"end":{"line":177,"column":3}},{"start":{},"end":{}}],"line":175},"3":{"loc":{"start":{"line":185,"column":12},"end":{"line":185,"column":31}},"type":"binary-expr","locations":[{"start":{"line":185,"column":12},"end":{"line":185,"column":18}},{"start":{"line":185,"column":22},"end":{"line":185,"column":31}}],"line":185},"4":{"loc":{"start":{"line":186,"column":16},"end":{"line":186,"column":38}},"type":"binary-expr","locations":[{"start":{"line":186,"column":16},"end":{"line":186,"column":25}},{"start":{"line":186,"column":29},"end":{"line":186,"column":38}}],"line":186},"5":{"loc":{"start":{"line":194,"column":38},"end":{"line":194,"column":60}},"type":"binary-expr","locations":[{"start":{"line":194,"column":38},"end":{"line":194,"column":47}},{"start":{"line":194,"column":51},"end":{"line":194,"column":60}}],"line":194},"6":{"loc":{"start":{"line":217,"column":14},"end":{"line":217,"column":35}},"type":"binary-expr","locations":[{"start":{"line":217,"column":14},"end":{"line":217,"column":22}},{"start":{"line":217,"column":26},"end":{"line":217,"column":35}}],"line":217},"7":{"loc":{"start":{"line":224,"column":27},"end":{"line":224,"column":45}},"type":"default-arg","locations":[{"start":{"line":224,"column":38},"end":{"line":224,"column":45}}],"line":224}},"s":{"0":0,"1":0,"2":0,"3":0,"4":0,"5":0,"6":0,"7":0,"8":0,"9":0,"10":0,"11":0,"12":0,"13":0,"14":0,"15":0,"16":0,"17":0,"18":0,"19":0,"20":0,"21":0,"22":0,"23":0,"24":0,"25":0,"26":0,"27":0,"28":0,"29":0,"30":0,"31":0,"32":0,"33":0,"34":0,"35":0,"36":0,"37":0,"38":0,"39":0,"40":0,"41":0,"42":0,"43":0,"44":0,"45":0,"46":0},"f":{"0":0,"1":0,"2":0,"3":0,"4":0,"5":0,"6":0,"7":0,"8":0,"9":0,"10":0},"b":{"0":[0,0],"1":[0,0],"2":[0,0],"3":[0,0],"4":[0,0],"5":[0,0],"6":[0,0],"7":[0]}}
}
