TN:
SF:server.js
FN:80,(anonymous_0)
FN:85,(anonymous_1)
FN:106,(anonymous_2)
FN:115,(anonymous_3)
FN:122,sendNotificationViaWebSocket
FN:158,(anonymous_5)
FN:159,(anonymous_6)
FN:210,(anonymous_7)
FN:215,(anonymous_8)
FN:220,(anonymous_9)
FN:225,(anonymous_10)
FN:230,(anonymous_11)
FN:235,(anonymous_12)
FN:305,(anonymous_13)
FN:316,(anonymous_14)
FN:317,(anonymous_15)
FN:325,(anonymous_16)
FN:333,(anonymous_17)
FN:334,(anonymous_18)
FN:336,(anonymous_19)
FN:360,(anonymous_20)
FN:377,(anonymous_21)
FN:386,(anonymous_22)
FN:387,(anonymous_23)
FN:407,(anonymous_24)
FN:418,(anonymous_25)
FN:452,(anonymous_26)
FN:462,(anonymous_27)
FN:467,(anonymous_28)
FN:468,(anonymous_29)
FN:533,(anonymous_30)
FN:534,(anonymous_31)
FN:580,(anonymous_32)
FN:582,(anonymous_33)
FN:584,(anonymous_34)
FN:589,(anonymous_35)
FN:591,(anonymous_36)
FN:602,(anonymous_37)
FN:603,(anonymous_38)
FN:606,(anonymous_39)
FN:624,(anonymous_40)
FN:625,(anonymous_41)
FN:644,(anonymous_42)
FN:673,(anonymous_43)
FN:678,(anonymous_44)
FN:701,(anonymous_45)
FN:739,(anonymous_46)
FN:740,(anonymous_47)
FN:754,(anonymous_48)
FN:755,(anonymous_49)
FN:773,(anonymous_50)
FN:778,(anonymous_51)
FN:813,(anonymous_52)
FN:824,(anonymous_53)
FN:825,(anonymous_54)
FN:873,(anonymous_55)
FN:931,(anonymous_56)
FN:934,(anonymous_57)
FN:950,(anonymous_58)
FN:955,(anonymous_59)
FN:967,(anonymous_60)
FN:982,(anonymous_61)
FN:983,(anonymous_62)
FN:995,(anonymous_63)
FN:998,(anonymous_64)
FN:1025,(anonymous_65)
FN:1059,(anonymous_66)
FN:1079,(anonymous_67)
FN:1107,(anonymous_68)
FN:1122,(anonymous_69)
FN:1157,(anonymous_70)
FN:1158,(anonymous_71)
FN:1171,(anonymous_72)
FN:1174,(anonymous_73)
FN:1188,(anonymous_74)
FN:1205,(anonymous_75)
FN:1213,(anonymous_76)
FN:1219,(anonymous_77)
FN:1238,(anonymous_78)
FN:1241,(anonymous_79)
FN:1258,(anonymous_80)
FN:1266,(anonymous_81)
FN:1279,(anonymous_82)
FN:1287,(anonymous_83)
FN:1301,(anonymous_84)
FN:1313,(anonymous_85)
FN:1325,(anonymous_86)
FN:1338,createUserNotification
FN:1346,(anonymous_88)
FN:1377,(anonymous_89)
FN:1403,(anonymous_90)
FN:1412,(anonymous_91)
FN:1417,(anonymous_92)
FN:1422,(anonymous_93)
FN:1423,(anonymous_94)
FN:1447,(anonymous_95)
FN:1450,(anonymous_96)
FN:1466,(anonymous_97)
FN:1487,(anonymous_98)
FN:1495,(anonymous_99)
FN:1500,(anonymous_100)
FN:1513,(anonymous_101)
FN:1539,(anonymous_102)
FN:1546,(anonymous_103)
FN:1547,(anonymous_104)
FN:1581,(anonymous_105)
FN:1596,(anonymous_106)
FN:1606,(anonymous_107)
FNF:108
FNH:0
FNDA:0,(anonymous_0)
FNDA:0,(anonymous_1)
FNDA:0,(anonymous_2)
FNDA:0,(anonymous_3)
FNDA:0,sendNotificationViaWebSocket
FNDA:0,(anonymous_5)
FNDA:0,(anonymous_6)
FNDA:0,(anonymous_7)
FNDA:0,(anonymous_8)
FNDA:0,(anonymous_9)
FNDA:0,(anonymous_10)
FNDA:0,(anonymous_11)
FNDA:0,(anonymous_12)
FNDA:0,(anonymous_13)
FNDA:0,(anonymous_14)
FNDA:0,(anonymous_15)
FNDA:0,(anonymous_16)
FNDA:0,(anonymous_17)
FNDA:0,(anonymous_18)
FNDA:0,(anonymous_19)
FNDA:0,(anonymous_20)
FNDA:0,(anonymous_21)
FNDA:0,(anonymous_22)
FNDA:0,(anonymous_23)
FNDA:0,(anonymous_24)
FNDA:0,(anonymous_25)
FNDA:0,(anonymous_26)
FNDA:0,(anonymous_27)
FNDA:0,(anonymous_28)
FNDA:0,(anonymous_29)
FNDA:0,(anonymous_30)
FNDA:0,(anonymous_31)
FNDA:0,(anonymous_32)
FNDA:0,(anonymous_33)
FNDA:0,(anonymous_34)
FNDA:0,(anonymous_35)
FNDA:0,(anonymous_36)
FNDA:0,(anonymous_37)
FNDA:0,(anonymous_38)
FNDA:0,(anonymous_39)
FNDA:0,(anonymous_40)
FNDA:0,(anonymous_41)
FNDA:0,(anonymous_42)
FNDA:0,(anonymous_43)
FNDA:0,(anonymous_44)
FNDA:0,(anonymous_45)
FNDA:0,(anonymous_46)
FNDA:0,(anonymous_47)
FNDA:0,(anonymous_48)
FNDA:0,(anonymous_49)
FNDA:0,(anonymous_50)
FNDA:0,(anonymous_51)
FNDA:0,(anonymous_52)
FNDA:0,(anonymous_53)
FNDA:0,(anonymous_54)
FNDA:0,(anonymous_55)
FNDA:0,(anonymous_56)
FNDA:0,(anonymous_57)
FNDA:0,(anonymous_58)
FNDA:0,(anonymous_59)
FNDA:0,(anonymous_60)
FNDA:0,(anonymous_61)
FNDA:0,(anonymous_62)
FNDA:0,(anonymous_63)
FNDA:0,(anonymous_64)
FNDA:0,(anonymous_65)
FNDA:0,(anonymous_66)
FNDA:0,(anonymous_67)
FNDA:0,(anonymous_68)
FNDA:0,(anonymous_69)
FNDA:0,(anonymous_70)
FNDA:0,(anonymous_71)
FNDA:0,(anonymous_72)
FNDA:0,(anonymous_73)
FNDA:0,(anonymous_74)
FNDA:0,(anonymous_75)
FNDA:0,(anonymous_76)
FNDA:0,(anonymous_77)
FNDA:0,(anonymous_78)
FNDA:0,(anonymous_79)
FNDA:0,(anonymous_80)
FNDA:0,(anonymous_81)
FNDA:0,(anonymous_82)
FNDA:0,(anonymous_83)
FNDA:0,(anonymous_84)
FNDA:0,(anonymous_85)
FNDA:0,(anonymous_86)
FNDA:0,createUserNotification
FNDA:0,(anonymous_88)
FNDA:0,(anonymous_89)
FNDA:0,(anonymous_90)
FNDA:0,(anonymous_91)
FNDA:0,(anonymous_92)
FNDA:0,(anonymous_93)
FNDA:0,(anonymous_94)
FNDA:0,(anonymous_95)
FNDA:0,(anonymous_96)
FNDA:0,(anonymous_97)
FNDA:0,(anonymous_98)
FNDA:0,(anonymous_99)
FNDA:0,(anonymous_100)
FNDA:0,(anonymous_101)
FNDA:0,(anonymous_102)
FNDA:0,(anonymous_103)
FNDA:0,(anonymous_104)
FNDA:0,(anonymous_105)
FNDA:0,(anonymous_106)
FNDA:0,(anonymous_107)
DA:1,0
DA:2,0
DA:3,0
DA:4,0
DA:5,0
DA:6,0
DA:7,0
DA:8,0
DA:9,0
DA:10,0
DA:11,0
DA:12,0
DA:24,0
DA:33,0
DA:41,0
DA:49,0
DA:58,0
DA:60,0
DA:61,0
DA:62,0
DA:63,0
DA:64,0
DA:72,0
DA:75,0
DA:78,0
DA:80,0
DA:81,0
DA:82,0
DA:83,0
DA:85,0
DA:86,0
DA:87,0
DA:89,0
DA:91,0
DA:92,0
DA:93,0
DA:95,0
DA:101,0
DA:102,0
DA:106,0
DA:107,0
DA:108,0
DA:109,0
DA:111,0
DA:112,0
DA:115,0
DA:116,0
DA:117,0
DA:123,0
DA:124,0
DA:125,0
DA:129,0
DA:131,0
DA:135,0
DA:141,0
DA:142,0
DA:145,0
DA:148,0
DA:151,0
DA:154,0
DA:155,0
DA:158,0
DA:159,0
DA:161,0
DA:176,0
DA:189,0
DA:210,0
DA:211,0
DA:212,0
DA:215,0
DA:216,0
DA:217,0
DA:220,0
DA:221,0
DA:222,0
DA:225,0
DA:226,0
DA:227,0
DA:230,0
DA:231,0
DA:232,0
DA:235,0
DA:236,0
DA:237,0
DA:242,0
DA:252,0
DA:267,0
DA:279,0
DA:293,0
DA:294,0
DA:295,0
DA:296,0
DA:297,0
DA:298,0
DA:299,0
DA:300,0
DA:302,0
DA:305,0
DA:306,0
DA:307,0
DA:311,0
DA:316,0
DA:317,0
DA:318,0
DA:322,0
DA:326,0
DA:327,0
DA:329,0
DA:333,0
DA:334,0
DA:336,0
DA:337,0
DA:338,0
DA:339,0
DA:342,0
DA:343,0
DA:344,0
DA:347,0
DA:348,0
DA:349,0
DA:350,0
DA:351,0
DA:352,0
DA:353,0
DA:354,0
DA:355,0
DA:359,0
DA:361,0
DA:362,0
DA:363,0
DA:366,0
DA:367,0
DA:368,0
DA:372,0
DA:378,0
DA:379,0
DA:386,0
DA:387,0
DA:389,0
DA:390,0
DA:392,0
DA:402,0
DA:408,0
DA:411,0
DA:412,0
DA:418,0
DA:420,0
DA:421,0
DA:422,0
DA:423,0
DA:424,0
DA:425,0
DA:426,0
DA:427,0
DA:428,0
DA:429,0
DA:430,0
DA:431,0
DA:436,0
DA:437,0
DA:440,0
DA:441,0
DA:444,0
DA:445,0
DA:448,0
DA:452,0
DA:453,0
DA:454,0
DA:455,0
DA:456,0
DA:457,0
DA:458,0
DA:462,0
DA:463,0
DA:464,0
DA:467,0
DA:468,0
DA:469,0
DA:470,0
DA:471,0
DA:472,0
DA:481,0
DA:490,0
DA:495,0
DA:496,0
DA:497,0
DA:499,0
DA:500,0
DA:501,0
DA:510,0
DA:511,0
DA:512,0
DA:520,0
DA:521,0
DA:522,0
DA:533,0
DA:534,0
DA:535,0
DA:536,0
DA:537,0
DA:538,0
DA:546,0
DA:547,0
DA:548,0
DA:556,0
DA:557,0
DA:558,0
DA:568,0
DA:572,0
DA:575,0
DA:577,0
DA:580,0
DA:582,0
DA:583,0
DA:585,0
DA:586,0
DA:589,0
DA:590,0
DA:592,0
DA:593,0
DA:602,0
DA:603,0
DA:604,0
DA:606,0
DA:607,0
DA:609,0
DA:610,0
DA:611,0
DA:612,0
DA:614,0
DA:624,0
DA:625,0
DA:626,0
DA:627,0
DA:630,0
DA:644,0
DA:645,0
DA:647,0
DA:648,0
DA:650,0
DA:651,0
DA:652,0
DA:655,0
DA:656,0
DA:657,0
DA:660,0
DA:661,0
DA:662,0
DA:665,0
DA:666,0
DA:667,0
DA:670,0
DA:672,0
DA:674,0
DA:675,0
DA:678,0
DA:679,0
DA:680,0
DA:683,0
DA:701,0
DA:702,0
DA:705,0
DA:706,0
DA:713,0
DA:714,0
DA:715,0
DA:722,0
DA:723,0
DA:730,0
DA:731,0
DA:737,0
DA:739,0
DA:740,0
DA:741,0
DA:742,0
DA:746,0
DA:747,0
DA:754,0
DA:755,0
DA:756,0
DA:757,0
DA:761,0
DA:762,0
DA:769,0
DA:772,0
DA:773,0
DA:774,0
DA:779,0
DA:780,0
DA:786,0
DA:792,0
DA:804,0
DA:805,0
DA:813,0
DA:814,0
DA:816,0
DA:817,0
DA:823,0
DA:824,0
DA:825,0
DA:826,0
DA:827,0
DA:831,0
DA:832,0
DA:838,0
DA:840,0
DA:841,0
DA:847,0
DA:853,0
DA:865,0
DA:866,0
DA:873,0
DA:874,0
DA:876,0
DA:877,0
DA:883,0
DA:895,0
DA:896,0
DA:899,0
DA:902,0
DA:905,0
DA:908,0
DA:910,0
DA:919,0
DA:922,0
DA:923,0
DA:931,0
DA:932,0
DA:934,0
DA:935,0
DA:936,0
DA:939,0
DA:940,0
DA:943,0
DA:950,0
DA:951,0
DA:952,0
DA:954,0
DA:956,0
DA:957,0
DA:960,0
DA:961,0
DA:965,0
DA:967,0
DA:968,0
DA:969,0
DA:972,0
DA:982,0
DA:983,0
DA:984,0
DA:985,0
DA:988,0
DA:995,0
DA:996,0
DA:998,0
DA:999,0
DA:1000,0
DA:1003,0
DA:1004,0
DA:1015,0
DA:1025,0
DA:1026,0
DA:1028,0
DA:1029,0
DA:1035,0
DA:1036,0
DA:1037,0
DA:1040,0
DA:1042,0
DA:1054,0
DA:1060,0
DA:1061,0
DA:1062,0
DA:1067,0
DA:1068,0
DA:1075,0
DA:1079,0
DA:1080,0
DA:1083,0
DA:1085,0
DA:1094,0
DA:1098,0
DA:1099,0
DA:1107,0
DA:1108,0
DA:1110,0
DA:1111,0
DA:1117,0
DA:1118,0
DA:1119,0
DA:1122,0
DA:1123,0
DA:1124,0
DA:1125,0
DA:1126,0
DA:1127,0
DA:1129,0
DA:1148,0
DA:1149,0
DA:1157,0
DA:1158,0
DA:1159,0
DA:1160,0
DA:1163,0
DA:1171,0
DA:1172,0
DA:1174,0
DA:1175,0
DA:1176,0
DA:1179,0
DA:1180,0
DA:1187,0
DA:1189,0
DA:1190,0
DA:1193,0
DA:1205,0
DA:1206,0
DA:1208,0
DA:1209,0
DA:1213,0
DA:1214,0
DA:1215,0
DA:1219,0
DA:1230,0
DA:1238,0
DA:1239,0
DA:1241,0
DA:1242,0
DA:1243,0
DA:1246,0
DA:1247,0
DA:1250,0
DA:1258,0
DA:1259,0
DA:1261,0
DA:1262,0
DA:1265,0
DA:1267,0
DA:1268,0
DA:1271,0
DA:1279,0
DA:1280,0
DA:1282,0
DA:1283,0
DA:1286,0
DA:1288,0
DA:1289,0
DA:1292,0
DA:1301,0
DA:1302,0
DA:1304,0
DA:1305,0
DA:1309,0
DA:1314,0
DA:1315,0
DA:1320,0
DA:1326,0
DA:1327,0
DA:1330,0
DA:1339,0
DA:1340,0
DA:1342,0
DA:1347,0
DA:1348,0
DA:1349,0
DA:1352,0
DA:1355,0
DA:1366,0
DA:1367,0
DA:1369,0
DA:1373,0
DA:1377,0
DA:1378,0
DA:1380,0
DA:1381,0
DA:1387,0
DA:1395,0
DA:1403,0
DA:1405,0
DA:1413,0
DA:1414,0
DA:1417,0
DA:1418,0
DA:1419,0
DA:1422,0
DA:1423,0
DA:1425,0
DA:1447,0
DA:1448,0
DA:1451,0
DA:1452,0
DA:1455,0
DA:1456,0
DA:1457,0
DA:1459,0
DA:1466,0
DA:1467,0
DA:1468,0
DA:1469,0
DA:1470,0
DA:1473,0
DA:1487,0
DA:1488,0
DA:1489,0
DA:1493,0
DA:1495,0
DA:1496,0
DA:1500,0
DA:1501,0
DA:1502,0
DA:1503,0
DA:1504,0
DA:1506,0
DA:1507,0
DA:1508,0
DA:1513,0
DA:1514,0
DA:1516,0
DA:1517,0
DA:1519,0
DA:1520,0
DA:1521,0
DA:1524,0
DA:1525,0
DA:1526,0
DA:1529,0
DA:1530,0
DA:1531,0
DA:1534,0
DA:1535,0
DA:1536,0
DA:1539,0
DA:1540,0
DA:1541,0
DA:1545,0
DA:1546,0
DA:1547,0
DA:1548,0
DA:1549,0
DA:1550,0
DA:1551,0
DA:1553,0
DA:1556,0
DA:1570,0
DA:1571,0
DA:1573,0
DA:1574,0
DA:1575,0
DA:1576,0
DA:1581,0
DA:1582,0
DA:1593,0
DA:1596,0
DA:1597,0
DA:1604,0
DA:1606,0
DA:1607,0
DA:1608,0
DA:1609,0
DA:1610,0
DA:1611,0
DA:1612,0
DA:1613,0
DA:1614,0
DA:1615,0
DA:1618,0
LF:566
LH:0
BRDA:61,0,0,0
BRDA:61,0,1,0
BRDA:62,1,0,0
BRDA:62,1,1,0
BRDA:63,2,0,0
BRDA:63,2,1,0
BRDA:64,3,0,0
BRDA:64,3,1,0
BRDA:89,4,0,0
BRDA:89,4,1,0
BRDA:107,5,0,0
BRDA:107,5,1,0
BRDA:124,6,0,0
BRDA:124,6,1,0
BRDA:124,7,0,0
BRDA:124,7,1,0
BRDA:211,8,0,0
BRDA:211,8,1,0
BRDA:211,9,0,0
BRDA:211,9,1,0
BRDA:216,10,0,0
BRDA:216,10,1,0
BRDA:216,11,0,0
BRDA:216,11,1,0
BRDA:221,12,0,0
BRDA:221,12,1,0
BRDA:221,13,0,0
BRDA:221,13,1,0
BRDA:226,14,0,0
BRDA:226,14,1,0
BRDA:226,15,0,0
BRDA:226,15,1,0
BRDA:231,16,0,0
BRDA:231,16,1,0
BRDA:231,17,0,0
BRDA:231,17,1,0
BRDA:236,18,0,0
BRDA:236,18,1,0
BRDA:236,19,0,0
BRDA:236,19,1,0
BRDA:306,20,0,0
BRDA:306,20,1,0
BRDA:326,21,0,0
BRDA:326,21,1,0
BRDA:337,22,0,0
BRDA:337,22,1,0
BRDA:347,23,0,0
BRDA:347,23,1,0
BRDA:350,24,0,0
BRDA:350,24,1,0
BRDA:353,25,0,0
BRDA:353,25,1,0
BRDA:361,26,0,0
BRDA:361,26,1,0
BRDA:366,27,0,0
BRDA:366,27,1,0
BRDA:378,28,0,0
BRDA:378,28,1,0
BRDA:408,29,0,0
BRDA:408,29,1,0
BRDA:420,30,0,0
BRDA:420,30,1,0
BRDA:422,31,0,0
BRDA:422,31,1,0
BRDA:422,32,0,0
BRDA:422,32,1,0
BRDA:423,33,0,0
BRDA:423,33,1,0
BRDA:423,34,0,0
BRDA:423,34,1,0
BRDA:424,35,0,0
BRDA:424,35,1,0
BRDA:425,36,0,0
BRDA:425,36,1,0
BRDA:426,37,0,0
BRDA:426,37,1,0
BRDA:427,38,0,0
BRDA:427,38,1,0
BRDA:428,39,0,0
BRDA:428,39,1,0
BRDA:429,40,0,0
BRDA:429,40,1,0
BRDA:430,41,0,0
BRDA:430,41,1,0
BRDA:436,42,0,0
BRDA:436,42,1,0
BRDA:440,43,0,0
BRDA:440,43,1,0
BRDA:444,44,0,0
BRDA:444,44,1,0
BRDA:453,45,0,0
BRDA:453,45,1,0
BRDA:454,46,0,0
BRDA:454,46,1,0
BRDA:455,47,0,0
BRDA:455,47,1,0
BRDA:456,48,0,0
BRDA:456,48,1,0
BRDA:457,49,0,0
BRDA:457,49,1,0
BRDA:469,50,0,0
BRDA:469,50,1,0
BRDA:470,51,0,0
BRDA:470,51,1,0
BRDA:476,52,0,0
BRDA:476,52,1,0
BRDA:476,53,0,0
BRDA:476,53,1,0
BRDA:495,54,0,0
BRDA:495,54,1,0
BRDA:496,55,0,0
BRDA:496,55,1,0
BRDA:499,56,0,0
BRDA:499,56,1,0
BRDA:510,57,0,0
BRDA:510,57,1,0
BRDA:520,58,0,0
BRDA:520,58,1,0
BRDA:520,59,0,0
BRDA:520,59,1,0
BRDA:535,60,0,0
BRDA:535,60,1,0
BRDA:536,61,0,0
BRDA:536,61,1,0
BRDA:546,62,0,0
BRDA:546,62,1,0
BRDA:556,63,0,0
BRDA:556,63,1,0
BRDA:585,64,0,0
BRDA:585,64,1,0
BRDA:592,65,0,0
BRDA:592,65,1,0
BRDA:604,66,0,0
BRDA:604,66,1,0
BRDA:607,67,0,0
BRDA:607,67,1,0
BRDA:612,68,0,0
BRDA:612,68,1,0
BRDA:626,69,0,0
BRDA:626,69,1,0
BRDA:633,70,0,0
BRDA:633,70,1,0
BRDA:634,71,0,0
BRDA:634,71,1,0
BRDA:635,72,0,0
BRDA:635,72,1,0
BRDA:636,73,0,0
BRDA:636,73,1,0
BRDA:645,74,0,0
BRDA:645,75,0,0
BRDA:650,76,0,0
BRDA:650,76,1,0
BRDA:655,77,0,0
BRDA:655,77,1,0
BRDA:656,78,0,0
BRDA:656,78,1,0
BRDA:660,79,0,0
BRDA:660,79,1,0
BRDA:661,80,0,0
BRDA:661,80,1,0
BRDA:665,81,0,0
BRDA:665,81,1,0
BRDA:666,82,0,0
BRDA:666,82,1,0
BRDA:674,83,0,0
BRDA:674,83,1,0
BRDA:679,84,0,0
BRDA:679,84,1,0
BRDA:705,85,0,0
BRDA:705,85,1,0
BRDA:705,86,0,0
BRDA:705,86,1,0
BRDA:705,86,2,0
BRDA:705,86,3,0
BRDA:705,86,4,0
BRDA:714,87,0,0
BRDA:714,87,1,0
BRDA:722,88,0,0
BRDA:722,88,1,0
BRDA:722,89,0,0
BRDA:722,89,1,0
BRDA:730,90,0,0
BRDA:730,90,1,0
BRDA:741,91,0,0
BRDA:741,91,1,0
BRDA:746,92,0,0
BRDA:746,92,1,0
BRDA:756,93,0,0
BRDA:756,93,1,0
BRDA:761,94,0,0
BRDA:761,94,1,0
BRDA:777,95,0,0
BRDA:777,95,1,0
BRDA:777,96,0,0
BRDA:777,96,1,0
BRDA:779,97,0,0
BRDA:779,97,1,0
BRDA:816,98,0,0
BRDA:816,98,1,0
BRDA:816,99,0,0
BRDA:816,99,1,0
BRDA:826,100,0,0
BRDA:826,100,1,0
BRDA:831,101,0,0
BRDA:831,101,1,0
BRDA:840,102,0,0
BRDA:840,102,1,0
BRDA:874,103,0,0
BRDA:876,104,0,0
BRDA:876,104,1,0
BRDA:876,105,0,0
BRDA:876,105,1,0
BRDA:876,105,2,0
BRDA:888,106,0,0
BRDA:888,106,1,0
BRDA:889,107,0,0
BRDA:889,107,1,0
BRDA:890,108,0,0
BRDA:890,108,1,0
BRDA:935,109,0,0
BRDA:935,109,1,0
BRDA:939,110,0,0
BRDA:939,110,1,0
BRDA:956,111,0,0
BRDA:956,111,1,0
BRDA:960,112,0,0
BRDA:960,112,1,0
BRDA:968,113,0,0
BRDA:968,113,1,0
BRDA:984,114,0,0
BRDA:984,114,1,0
BRDA:999,115,0,0
BRDA:999,115,1,0
BRDA:1003,116,0,0
BRDA:1003,116,1,0
BRDA:1028,117,0,0
BRDA:1028,117,1,0
BRDA:1037,118,0,0
BRDA:1037,118,1,0
BRDA:1046,119,0,0
BRDA:1046,119,1,0
BRDA:1047,120,0,0
BRDA:1047,120,1,0
BRDA:1060,121,0,0
BRDA:1060,121,1,0
BRDA:1061,122,0,0
BRDA:1061,122,1,0
BRDA:1110,123,0,0
BRDA:1110,123,1,0
BRDA:1124,124,0,0
BRDA:1124,124,1,0
BRDA:1125,125,0,0
BRDA:1125,125,1,0
BRDA:1126,126,0,0
BRDA:1126,126,1,0
BRDA:1127,127,0,0
BRDA:1127,127,1,0
BRDA:1138,128,0,0
BRDA:1138,128,1,0
BRDA:1140,129,0,0
BRDA:1140,129,1,0
BRDA:1159,130,0,0
BRDA:1159,130,1,0
BRDA:1175,131,0,0
BRDA:1175,131,1,0
BRDA:1179,132,0,0
BRDA:1179,132,1,0
BRDA:1189,133,0,0
BRDA:1189,133,1,0
BRDA:1208,134,0,0
BRDA:1208,134,1,0
BRDA:1214,135,0,0
BRDA:1214,135,1,0
BRDA:1226,136,0,0
BRDA:1226,136,1,0
BRDA:1227,137,0,0
BRDA:1227,137,1,0
BRDA:1242,138,0,0
BRDA:1242,138,1,0
BRDA:1246,139,0,0
BRDA:1246,139,1,0
BRDA:1261,140,0,0
BRDA:1261,140,1,0
BRDA:1267,141,0,0
BRDA:1267,141,1,0
BRDA:1282,142,0,0
BRDA:1282,142,1,0
BRDA:1288,143,0,0
BRDA:1288,143,1,0
BRDA:1304,144,0,0
BRDA:1304,144,1,0
BRDA:1304,145,0,0
BRDA:1304,145,1,0
BRDA:1314,146,0,0
BRDA:1314,146,1,0
BRDA:1326,147,0,0
BRDA:1326,147,1,0
BRDA:1345,148,0,0
BRDA:1345,148,1,0
BRDA:1345,149,0,0
BRDA:1345,149,1,0
BRDA:1345,150,0,0
BRDA:1345,150,1,0
BRDA:1347,151,0,0
BRDA:1347,151,1,0
BRDA:1366,152,0,0
BRDA:1366,152,1,0
BRDA:1380,153,0,0
BRDA:1380,153,1,0
BRDA:1380,154,0,0
BRDA:1380,154,1,0
BRDA:1380,154,2,0
BRDA:1388,155,0,0
BRDA:1388,155,1,0
BRDA:1391,156,0,0
BRDA:1391,156,1,0
BRDA:1392,157,0,0
BRDA:1392,157,1,0
BRDA:1413,158,0,0
BRDA:1413,158,1,0
BRDA:1451,159,0,0
BRDA:1451,159,1,0
BRDA:1467,160,0,0
BRDA:1467,160,1,0
BRDA:1519,161,0,0
BRDA:1519,161,1,0
BRDA:1524,162,0,0
BRDA:1524,162,1,0
BRDA:1525,163,0,0
BRDA:1525,163,1,0
BRDA:1529,164,0,0
BRDA:1529,164,1,0
BRDA:1530,165,0,0
BRDA:1530,165,1,0
BRDA:1534,166,0,0
BRDA:1534,166,1,0
BRDA:1535,167,0,0
BRDA:1535,167,1,0
BRDA:1540,168,0,0
BRDA:1540,168,1,0
BRDA:1548,169,0,0
BRDA:1548,169,1,0
BRDA:1548,170,0,0
BRDA:1548,170,1,0
BRDA:1550,171,0,0
BRDA:1550,171,1,0
BRDA:1550,172,0,0
BRDA:1550,172,1,0
BRDA:1550,172,2,0
BRDA:1587,173,0,0
BRDA:1587,173,1,0
BRF:351
BRH:0
end_of_record
TN:
SF:middleware\inputValidation.js
FN:11,validateCPF
FN:39,validateCNPJ
FN:78,validatePixKey
FN:101,detectPixKeyType
FN:121,sanitizeString
FN:135,sanitizeObject
FN:156,validateFraudReport
FN:206,validateUserRegistration
FN:257,validateLogin
FN:284,validatePixKeyVerification
FNF:10
FNH:3
FNDA:1,validateCPF
FNDA:0,validateCNPJ
FNDA:0,validatePixKey
FNDA:3,detectPixKeyType
FNDA:2,sanitizeString
FNDA:0,sanitizeObject
FNDA:0,validateFraudReport
FNDA:0,validateUserRegistration
FNDA:0,validateLogin
FNDA:0,validatePixKeyVerification
DA:6,1
DA:12,1
DA:14,1
DA:15,1
DA:17,1
DA:18,1
DA:19,9
DA:21,1
DA:22,1
DA:23,1
DA:25,0
DA:26,0
DA:27,0
DA:29,0
DA:30,0
DA:31,0
DA:33,0
DA:40,0
DA:42,0
DA:43,0
DA:45,0
DA:46,0
DA:47,0
DA:48,0
DA:49,0
DA:51,0
DA:52,0
DA:53,0
DA:56,0
DA:57,0
DA:59,0
DA:60,0
DA:61,0
DA:62,0
DA:64,0
DA:65,0
DA:66,0
DA:69,0
DA:70,0
DA:72,0
DA:79,0
DA:81,0
DA:83,0
DA:85,0
DA:87,0
DA:89,0
DA:90,0
DA:92,0
DA:94,0
DA:102,3
DA:104,3
DA:106,2
DA:107,2
DA:108,2
DA:109,2
DA:111,1
DA:112,0
DA:115,1
DA:122,2
DA:124,2
DA:136,0
DA:137,0
DA:140,0
DA:141,0
DA:142,0
DA:143,0
DA:144,0
DA:145,0
DA:147,0
DA:150,0
DA:157,0
DA:159,0
DA:161,0
DA:162,0
DA:164,0
DA:165,0
DA:166,0
DA:170,0
DA:171,0
DA:174,0
DA:175,0
DA:178,0
DA:179,0
DA:180,0
DA:181,0
DA:185,0
DA:186,0
DA:189,0
DA:190,0
DA:198,0
DA:200,0
DA:207,0
DA:209,0
DA:211,0
DA:212,0
DA:215,0
DA:216,0
DA:219,0
DA:220,0
DA:223,0
DA:224,0
DA:227,0
DA:228,0
DA:231,0
DA:232,0
DA:233,0
DA:234,0
DA:238,0
DA:239,0
DA:247,0
DA:248,0
DA:249,0
DA:251,0
DA:258,0
DA:260,0
DA:262,0
DA:263,0
DA:266,0
DA:267,0
DA:270,0
DA:271,0
DA:278,0
DA:285,0
DA:287,0
DA:288,0
DA:294,0
DA:295,0
DA:296,0
DA:302,0
DA:303,0
DA:305,0
DA:308,1
LF:132
LH:21
BRDA:14,0,0,0
BRDA:14,0,1,1
BRDA:15,1,0,0
BRDA:15,1,1,1
BRDA:22,2,0,0
BRDA:22,2,1,1
BRDA:23,3,0,1
BRDA:23,3,1,0
BRDA:30,4,0,0
BRDA:30,4,1,0
BRDA:31,5,0,0
BRDA:31,5,1,0
BRDA:42,6,0,0
BRDA:42,6,1,0
BRDA:43,7,0,0
BRDA:43,7,1,0
BRDA:53,8,0,0
BRDA:53,8,1,0
BRDA:56,9,0,0
BRDA:56,9,1,0
BRDA:57,10,0,0
BRDA:57,10,1,0
BRDA:66,11,0,0
BRDA:66,11,1,0
BRDA:69,12,0,0
BRDA:69,12,1,0
BRDA:70,13,0,0
BRDA:70,13,1,0
BRDA:79,14,0,0
BRDA:79,14,1,0
BRDA:81,15,0,0
BRDA:81,15,1,0
BRDA:81,15,2,0
BRDA:81,15,3,0
BRDA:81,15,4,0
BRDA:81,15,5,0
BRDA:90,16,0,0
BRDA:90,16,1,0
BRDA:102,17,0,3
BRDA:102,17,1,0
BRDA:104,18,0,1
BRDA:104,18,1,2
BRDA:107,19,0,0
BRDA:107,19,1,2
BRDA:107,20,0,2
BRDA:107,20,1,1
BRDA:108,21,0,0
BRDA:108,21,1,2
BRDA:108,22,0,2
BRDA:108,22,1,0
BRDA:109,23,0,1
BRDA:109,23,1,1
BRDA:109,24,0,2
BRDA:109,24,1,1
BRDA:111,25,0,0
BRDA:111,25,1,1
BRDA:122,26,0,0
BRDA:122,26,1,2
BRDA:136,27,0,0
BRDA:136,27,1,0
BRDA:136,28,0,0
BRDA:136,28,1,0
BRDA:142,29,0,0
BRDA:142,29,1,0
BRDA:144,30,0,0
BRDA:144,30,1,0
BRDA:161,31,0,0
BRDA:161,31,1,0
BRDA:161,32,0,0
BRDA:161,32,1,0
BRDA:165,33,0,0
BRDA:165,33,1,0
BRDA:170,34,0,0
BRDA:170,34,1,0
BRDA:170,35,0,0
BRDA:170,35,1,0
BRDA:174,36,0,0
BRDA:174,36,1,0
BRDA:174,37,0,0
BRDA:174,37,1,0
BRDA:174,37,2,0
BRDA:178,38,0,0
BRDA:178,38,1,0
BRDA:178,39,0,0
BRDA:178,39,1,0
BRDA:180,40,0,0
BRDA:180,40,1,0
BRDA:180,41,0,0
BRDA:180,41,1,0
BRDA:180,41,2,0
BRDA:185,42,0,0
BRDA:185,42,1,0
BRDA:185,43,0,0
BRDA:185,43,1,0
BRDA:189,44,0,0
BRDA:189,44,1,0
BRDA:211,45,0,0
BRDA:211,45,1,0
BRDA:211,46,0,0
BRDA:211,46,1,0
BRDA:211,46,2,0
BRDA:215,47,0,0
BRDA:215,47,1,0
BRDA:215,48,0,0
BRDA:215,48,1,0
BRDA:215,48,2,0
BRDA:219,49,0,0
BRDA:219,49,1,0
BRDA:219,50,0,0
BRDA:219,50,1,0
BRDA:223,51,0,0
BRDA:223,51,1,0
BRDA:223,52,0,0
BRDA:223,52,1,0
BRDA:227,53,0,0
BRDA:227,53,1,0
BRDA:227,54,0,0
BRDA:227,54,1,0
BRDA:231,55,0,0
BRDA:231,55,1,0
BRDA:231,56,0,0
BRDA:231,56,1,0
BRDA:233,57,0,0
BRDA:233,57,1,0
BRDA:233,58,0,0
BRDA:233,58,1,0
BRDA:238,59,0,0
BRDA:238,59,1,0
BRDA:262,60,0,0
BRDA:262,60,1,0
BRDA:262,61,0,0
BRDA:262,61,1,0
BRDA:266,62,0,0
BRDA:266,62,1,0
BRDA:266,63,0,0
BRDA:266,63,1,0
BRDA:270,64,0,0
BRDA:270,64,1,0
BRDA:287,65,0,0
BRDA:287,65,1,0
BRDA:287,66,0,0
BRDA:287,66,1,0
BRDA:295,67,0,0
BRDA:295,67,1,0
BRF:144
BRH:18
end_of_record
TN:
SF:middleware\rateLimiter.js
FN:22,(anonymous_0)
FN:42,(anonymous_1)
FN:61,(anonymous_2)
FN:95,(anonymous_3)
FN:120,createRedisLimiter
FN:130,(anonymous_5)
FN:139,(anonymous_6)
FN:147,(anonymous_7)
FN:150,(anonymous_8)
FN:173,(anonymous_9)
FN:187,(anonymous_10)
FN:206,(anonymous_11)
FN:207,(anonymous_12)
FN:225,(anonymous_13)
FN:229,(anonymous_14)
FNF:15
FNH:1
FNDA:0,(anonymous_0)
FNDA:0,(anonymous_1)
FNDA:0,(anonymous_2)
FNDA:0,(anonymous_3)
FNDA:0,createRedisLimiter
FNDA:0,(anonymous_5)
FNDA:1,(anonymous_6)
FNDA:0,(anonymous_7)
FNDA:0,(anonymous_8)
FNDA:0,(anonymous_9)
FNDA:0,(anonymous_10)
FNDA:0,(anonymous_11)
FNDA:0,(anonymous_12)
FNDA:0,(anonymous_13)
FNDA:0,(anonymous_14)
DA:6,1
DA:7,1
DA:12,1
DA:23,0
DA:33,1
DA:43,0
DA:53,1
DA:62,0
DA:72,1
DA:86,1
DA:96,0
DA:106,1
DA:121,0
DA:122,0
DA:123,0
DA:126,0
DA:130,0
DA:140,1
DA:141,1
DA:142,1
DA:143,1
DA:144,1
DA:147,1
DA:151,0
DA:152,0
DA:155,0
DA:156,0
DA:157,0
DA:160,0
DA:161,0
DA:162,0
DA:165,0
DA:166,0
DA:167,0
DA:170,0
DA:174,0
DA:175,0
DA:177,0
DA:178,0
DA:182,0
DA:183,0
DA:184,0
DA:188,0
DA:191,0
DA:192,0
DA:193,0
DA:194,0
DA:199,0
DA:200,0
DA:201,0
DA:207,0
DA:208,0
DA:210,0
DA:211,0
DA:212,0
DA:214,0
DA:221,0
DA:226,0
DA:230,0
DA:231,0
DA:235,1
DA:237,1
LF:62
LH:16
BRDA:121,0,0,0
BRDA:121,0,1,0
BRDA:152,1,0,0
BRDA:152,1,1,0
BRDA:155,2,0,0
BRDA:155,2,1,0
BRDA:165,3,0,0
BRDA:165,3,1,0
BRDA:175,4,0,0
BRDA:175,4,1,0
BRDA:177,5,0,0
BRDA:177,5,1,0
BRDA:192,6,0,0
BRDA:192,6,1,0
BRDA:200,7,0,0
BRDA:200,7,1,0
BRDA:208,8,0,0
BRDA:208,8,1,0
BRDA:208,8,2,0
BRDA:210,9,0,0
BRDA:210,9,1,0
BRF:21
BRH:0
end_of_record
TN:
SF:middleware\validation.js
FN:11,sanitizeString
FN:19,validateEmail
FN:40,validateCPF
FN:61,validatePhone
FN:76,validatePixKey
FN:114,validateAmount
FN:131,validateBankName
FN:154,validateUserRegistration
FN:204,validateFraudReport
FN:241,sanitizeInputs
FN:244,(anonymous_10)
FN:253,(anonymous_11)
FNF:12
FNH:0
FNDA:0,sanitizeString
FNDA:0,validateEmail
FNDA:0,validateCPF
FNDA:0,validatePhone
FNDA:0,validatePixKey
FNDA:0,validateAmount
FNDA:0,validateBankName
FNDA:0,validateUserRegistration
FNDA:0,validateFraudReport
FNDA:0,sanitizeInputs
FNDA:0,(anonymous_10)
FNDA:0,(anonymous_11)
DA:6,0
DA:12,0
DA:13,0
DA:20,0
DA:21,0
DA:24,0
DA:26,0
DA:27,0
DA:30,0
DA:31,0
DA:34,0
DA:41,0
DA:44,0
DA:46,0
DA:47,0
DA:51,0
DA:52,0
DA:55,0
DA:62,0
DA:64,0
DA:66,0
DA:67,0
DA:70,0
DA:77,0
DA:78,0
DA:81,0
DA:83,0
DA:85,0
DA:88,0
DA:89,0
DA:90,0
DA:92,0
DA:95,0
DA:98,0
DA:101,0
DA:102,0
DA:104,0
DA:107,0
DA:115,0
DA:117,0
DA:118,0
DA:121,0
DA:122,0
DA:125,0
DA:132,0
DA:144,0
DA:145,0
DA:148,0
DA:155,0
DA:156,0
DA:159,0
DA:161,0
DA:162,0
DA:167,0
DA:168,0
DA:174,0
DA:175,0
DA:176,0
DA:177,0
DA:183,0
DA:184,0
DA:187,0
DA:188,0
DA:191,0
DA:192,0
DA:195,0
DA:197,0
DA:205,0
DA:206,0
DA:209,0
DA:210,0
DA:211,0
DA:214,0
DA:215,0
DA:216,0
DA:217,0
DA:223,0
DA:224,0
DA:225,0
DA:226,0
DA:232,0
DA:234,0
DA:243,0
DA:244,0
DA:245,0
DA:246,0
DA:252,0
DA:253,0
DA:254,0
DA:255,0
DA:260,0
DA:263,0
LF:92
LH:0
BRDA:12,0,0,0
BRDA:12,0,1,0
BRDA:20,1,0,0
BRDA:20,1,1,0
BRDA:20,2,0,0
BRDA:20,2,1,0
BRDA:26,3,0,0
BRDA:26,3,1,0
BRDA:30,4,0,0
BRDA:30,4,1,0
BRDA:41,5,0,0
BRDA:41,5,1,0
BRDA:46,6,0,0
BRDA:46,6,1,0
BRDA:51,7,0,0
BRDA:51,7,1,0
BRDA:62,8,0,0
BRDA:62,8,1,0
BRDA:66,9,0,0
BRDA:66,9,1,0
BRDA:66,10,0,0
BRDA:66,10,1,0
BRDA:77,11,0,0
BRDA:77,11,1,0
BRDA:77,12,0,0
BRDA:77,12,1,0
BRDA:83,13,0,0
BRDA:83,13,1,0
BRDA:83,13,2,0
BRDA:83,13,3,0
BRDA:83,13,4,0
BRDA:83,13,5,0
BRDA:89,14,0,0
BRDA:89,14,1,0
BRDA:101,15,0,0
BRDA:101,15,1,0
BRDA:117,16,0,0
BRDA:117,16,1,0
BRDA:117,17,0,0
BRDA:117,17,1,0
BRDA:121,18,0,0
BRDA:121,18,1,0
BRDA:144,19,0,0
BRDA:144,19,1,0
BRDA:161,20,0,0
BRDA:161,20,1,0
BRDA:161,21,0,0
BRDA:161,21,1,0
BRDA:167,22,0,0
BRDA:167,22,1,0
BRDA:174,23,0,0
BRDA:174,23,1,0
BRDA:176,24,0,0
BRDA:176,24,1,0
BRDA:183,25,0,0
BRDA:183,25,1,0
BRDA:187,26,0,0
BRDA:187,26,1,0
BRDA:191,27,0,0
BRDA:191,27,1,0
BRDA:214,28,0,0
BRDA:214,28,1,0
BRDA:216,29,0,0
BRDA:216,29,1,0
BRDA:223,30,0,0
BRDA:223,30,1,0
BRDA:225,31,0,0
BRDA:225,31,1,0
BRDA:243,32,0,0
BRDA:243,32,1,0
BRDA:245,33,0,0
BRDA:245,33,1,0
BRDA:252,34,0,0
BRDA:252,34,1,0
BRDA:254,35,0,0
BRDA:254,35,1,0
BRF:76
BRH:0
end_of_record
TN:
SF:utils\cache.js
FN:7,(anonymous_0)
FN:12,(anonymous_1)
FN:18,(anonymous_2)
FN:25,(anonymous_3)
FN:33,(anonymous_4)
FN:49,(anonymous_5)
FN:56,(anonymous_6)
FN:70,(anonymous_7)
FN:89,(anonymous_8)
FN:98,(anonymous_9)
FN:113,cacheMiddleware
FN:114,(anonymous_11)
FN:132,(anonymous_12)
FN:147,invalidateFraudReportsCache
FN:156,invalidateRiskAnalysisCache
FNF:15
FNH:4
FNDA:1,(anonymous_0)
FNDA:0,(anonymous_1)
FNDA:0,(anonymous_2)
FNDA:3,(anonymous_3)
FNDA:2,(anonymous_4)
FNDA:0,(anonymous_5)
FNDA:0,(anonymous_6)
FNDA:0,(anonymous_7)
FNDA:1,(anonymous_8)
FNDA:0,(anonymous_9)
FNDA:0,cacheMiddleware
FNDA:0,(anonymous_11)
FNDA:0,(anonymous_12)
FNDA:0,invalidateFraudReportsCache
FNDA:0,invalidateRiskAnalysisCache
DA:8,1
DA:9,1
DA:12,1
DA:19,0
DA:26,3
DA:27,3
DA:34,2
DA:36,2
DA:38,1
DA:39,0
DA:40,0
DA:43,1
DA:50,0
DA:57,0
DA:58,0
DA:59,0
DA:60,0
DA:61,0
DA:64,0
DA:71,0
DA:72,0
DA:74,0
DA:75,0
DA:76,0
DA:77,0
DA:81,0
DA:82,0
DA:90,1
DA:91,1
DA:92,1
DA:99,0
DA:108,1
DA:114,0
DA:116,0
DA:117,0
DA:120,0
DA:121,0
DA:123,0
DA:124,0
DA:125,0
DA:128,0
DA:131,0
DA:132,0
DA:134,0
DA:135,0
DA:137,0
DA:140,0
DA:148,0
DA:149,0
DA:150,0
DA:157,0
DA:158,0
DA:161,1
LF:53
LH:14
BRDA:9,0,0,1
BRDA:9,0,1,1
BRDA:25,1,0,3
BRDA:26,2,0,3
BRDA:26,2,1,3
BRDA:36,3,0,1
BRDA:36,3,1,1
BRDA:38,4,0,0
BRDA:38,4,1,1
BRDA:59,5,0,0
BRDA:59,5,1,0
BRDA:75,6,0,0
BRDA:75,6,1,0
BRDA:81,7,0,0
BRDA:81,7,1,0
BRDA:113,8,0,0
BRDA:116,9,0,0
BRDA:116,9,1,0
BRDA:123,10,0,0
BRDA:123,10,1,0
BRDA:134,11,0,0
BRDA:134,11,1,0
BRDA:134,12,0,0
BRDA:134,12,1,0
BRF:24
BRH:8
end_of_record
TN:
SF:utils\logger.js
FN:36,(anonymous_0)
FN:53,(anonymous_1)
FN:158,httpLogger
FN:162,(anonymous_3)
FN:189,logAudit
FN:201,logSecurity
FN:213,errorHandler
FN:253,createContextLogger
FN:255,(anonymous_8)
FN:256,(anonymous_9)
FN:257,(anonymous_10)
FN:258,(anonymous_11)
FN:259,(anonymous_12)
FN:267,(anonymous_13)
FNF:14
FNH:0
FNDA:0,(anonymous_0)
FNDA:0,(anonymous_1)
FNDA:0,httpLogger
FNDA:0,(anonymous_3)
FNDA:0,logAudit
FNDA:0,logSecurity
FNDA:0,errorHandler
FNDA:0,createContextLogger
FNDA:0,(anonymous_8)
FNDA:0,(anonymous_9)
FNDA:0,(anonymous_10)
FNDA:0,(anonymous_11)
FNDA:0,(anonymous_12)
FNDA:0,(anonymous_13)
DA:6,1
DA:7,1
DA:8,1
DA:11,1
DA:20,1
DA:28,1
DA:31,1
DA:37,0
DA:39,0
DA:41,0
DA:42,0
DA:45,0
DA:50,1
DA:54,0
DA:55,0
DA:57,0
DA:58,0
DA:59,0
DA:61,0
DA:66,1
DA:107,1
DA:118,1
DA:138,1
DA:159,0
DA:162,0
DA:163,0
DA:164,0
DA:174,0
DA:175,0
DA:176,0
DA:177,0
DA:179,0
DA:183,0
DA:190,0
DA:202,0
DA:214,0
DA:224,0
DA:227,0
DA:228,0
DA:236,0
DA:237,0
DA:242,0
DA:254,0
DA:255,0
DA:256,0
DA:257,0
DA:258,0
DA:259,0
DA:266,1
DA:268,0
DA:272,1
LF:51
LH:14
BRDA:41,0,0,0
BRDA:41,0,1,0
BRDA:57,1,0,0
BRDA:57,1,1,0
BRDA:58,2,0,0
BRDA:58,2,1,0
BRDA:59,3,0,0
BRDA:59,3,1,0
BRDA:70,4,0,1
BRDA:70,4,1,1
BRDA:108,5,0,1
BRDA:108,5,1,1
BRDA:174,6,0,0
BRDA:174,6,1,0
BRDA:176,7,0,0
BRDA:176,7,1,0
BRDA:189,8,0,0
BRDA:201,9,0,0
BRDA:227,10,0,0
BRDA:227,10,1,0
BRDA:227,11,0,0
BRDA:227,11,1,0
BRDA:236,12,0,0
BRDA:236,12,1,0
BRDA:237,13,0,0
BRDA:237,13,1,0
BRDA:239,14,0,0
BRDA:239,14,1,0
BRDA:242,15,0,0
BRDA:242,15,1,0
BRDA:255,16,0,0
BRDA:256,17,0,0
BRDA:257,18,0,0
BRDA:258,19,0,0
BRDA:259,20,0,0
BRF:35
BRH:4
end_of_record
TN:
SF:utils\metrics.js
FN:135,(anonymous_0)
FN:144,(anonymous_1)
FN:173,recordDbQuery
FN:183,recordFraudReport
FN:193,recordRiskAnalysis
FN:200,setActiveUsers
FN:207,recordNotification
FN:214,recordRateLimitBlock
FN:224,recordError
FN:231,incrementWsConnections
FN:235,decrementWsConnections
FNF:11
FNH:0
FNDA:0,(anonymous_0)
FNDA:0,(anonymous_1)
FNDA:0,recordDbQuery
FNDA:0,recordFraudReport
FNDA:0,recordRiskAnalysis
FNDA:0,setActiveUsers
FNDA:0,recordNotification
FNDA:0,recordRateLimitBlock
FNDA:0,recordError
FNDA:0,incrementWsConnections
FNDA:0,decrementWsConnections
DA:6,0
DA:9,0
DA:12,0
DA:23,0
DA:30,0
DA:38,0
DA:48,0
DA:55,0
DA:67,0
DA:74,0
DA:81,0
DA:87,0
DA:98,0
DA:109,0
DA:119,0
DA:120,0
DA:121,0
DA:122,0
DA:123,0
DA:124,0
DA:125,0
DA:126,0
DA:127,0
DA:128,0
DA:129,0
DA:135,0
DA:137,0
DA:138,0
DA:141,0
DA:144,0
DA:145,0
DA:146,0
DA:149,0
DA:156,0
DA:163,0
DA:174,0
DA:175,0
DA:176,0
DA:184,0
DA:194,0
DA:201,0
DA:208,0
DA:215,0
DA:225,0
DA:232,0
DA:236,0
DA:243,0
LF:47
LH:0
BRDA:137,0,0,0
BRDA:137,0,1,0
BRDA:146,1,0,0
BRDA:146,1,1,0
BRDA:175,2,0,0
BRDA:175,2,1,0
BRDA:185,3,0,0
BRDA:185,3,1,0
BRDA:186,4,0,0
BRDA:186,4,1,0
BRDA:194,5,0,0
BRDA:194,5,1,0
BRDA:217,6,0,0
BRDA:217,6,1,0
BRDA:224,7,0,0
BRF:15
BRH:0
end_of_record
